[10-Oct-2017 18:09:28 UTC] PHP Fatal error:  Call to undefined function displayReflectionQuotes() in /home/ubuntu/workspace/aharnes/practice/sql/index.php on line 43
[10-Oct-2017 18:09:28 UTC] PHP Stack trace:
[10-Oct-2017 18:09:28 UTC] PHP   1. {main}() /home/ubuntu/workspace/aharnes/practice/sql/index.php:0
[10-Oct-2017 18:09:45 UTC] PHP Fatal error:  Call to a member function prepare() on a non-object in /home/ubuntu/workspace/aharnes/practice/sql/index.php on line 21
[10-Oct-2017 18:09:45 UTC] PHP Stack trace:
[10-Oct-2017 18:09:45 UTC] PHP   1. {main}() /home/ubuntu/workspace/aharnes/practice/sql/index.php:0
[10-Oct-2017 18:09:45 UTC] PHP   2. getAllReflectionQuotes() /home/ubuntu/workspace/aharnes/practice/sql/index.php:43
[10-Oct-2017 18:10:07 UTC] PHP Fatal error:  Call to a member function prepare() on a non-object in /home/ubuntu/workspace/aharnes/practice/sql/index.php on line 21
[10-Oct-2017 18:10:07 UTC] PHP Stack trace:
[10-Oct-2017 18:10:07 UTC] PHP   1. {main}() /home/ubuntu/workspace/aharnes/practice/sql/index.php:0
[10-Oct-2017 18:10:07 UTC] PHP   2. getAllReflectionQuotes() /home/ubuntu/workspace/aharnes/practice/sql/index.php:43
[10-Oct-2017 18:10:51 UTC] PHP Fatal error:  Call to a member function prepare() on a non-object in /home/ubuntu/workspace/aharnes/practice/sql/index.php on line 21
[10-Oct-2017 18:10:51 UTC] PHP Stack trace:
[10-Oct-2017 18:10:51 UTC] PHP   1. {main}() /home/ubuntu/workspace/aharnes/practice/sql/index.php:0
[10-Oct-2017 18:10:51 UTC] PHP   2. getAllReflectionQuotes() /home/ubuntu/workspace/aharnes/practice/sql/index.php:43
[10-Oct-2017 18:10:52 UTC] PHP Fatal error:  Call to a member function prepare() on a non-object in /home/ubuntu/workspace/aharnes/practice/sql/index.php on line 21
[10-Oct-2017 18:10:52 UTC] PHP Stack trace:
[10-Oct-2017 18:10:52 UTC] PHP   1. {main}() /home/ubuntu/workspace/aharnes/practice/sql/index.php:0
[10-Oct-2017 18:10:52 UTC] PHP   2. getAllReflectionQuotes() /home/ubuntu/workspace/aharnes/practice/sql/index.php:43
[12-Oct-2017 17:30:55 UTC] PHP Fatal error:  Call to a member function prepare() on a non-object in /home/ubuntu/workspace/aharnes/practice/sql/index.php on line 89
[12-Oct-2017 17:30:55 UTC] PHP Stack trace:
[12-Oct-2017 17:30:55 UTC] PHP   1. {main}() /home/ubuntu/workspace/aharnes/practice/sql/index.php:0
[12-Oct-2017 17:30:55 UTC] PHP   2. getRandomQuote() /home/ubuntu/workspace/aharnes/practice/sql/index.php:122
[12-Oct-2017 17:30:59 UTC] PHP Fatal error:  Call to a member function prepare() on a non-object in /home/ubuntu/workspace/aharnes/practice/sql/index.php on line 89
[12-Oct-2017 17:30:59 UTC] PHP Stack trace:
[12-Oct-2017 17:30:59 UTC] PHP   1. {main}() /home/ubuntu/workspace/aharnes/practice/sql/index.php:0
[12-Oct-2017 17:30:59 UTC] PHP   2. getRandomQuote() /home/ubuntu/workspace/aharnes/practice/sql/index.php:122
[12-Oct-2017 17:32:20 UTC] PHP Fatal error:  Call to a member function prepare() on a non-object in /home/ubuntu/workspace/aharnes/practice/sql/index.php on line 89
[12-Oct-2017 17:32:20 UTC] PHP Stack trace:
[12-Oct-2017 17:32:20 UTC] PHP   1. {main}() /home/ubuntu/workspace/aharnes/practice/sql/index.php:0
[12-Oct-2017 17:32:20 UTC] PHP   2. getRandomQuote() /home/ubuntu/workspace/aharnes/practice/sql/index.php:122
[12-Oct-2017 17:32:21 UTC] PHP Fatal error:  Call to a member function prepare() on a non-object in /home/ubuntu/workspace/aharnes/practice/sql/index.php on line 89
[12-Oct-2017 17:32:21 UTC] PHP Stack trace:
[12-Oct-2017 17:32:21 UTC] PHP   1. {main}() /home/ubuntu/workspace/aharnes/practice/sql/index.php:0
[12-Oct-2017 17:32:21 UTC] PHP   2. getRandomQuote() /home/ubuntu/workspace/aharnes/practice/sql/index.php:122
[12-Oct-2017 17:32:22 UTC] PHP Fatal error:  Call to a member function prepare() on a non-object in /home/ubuntu/workspace/aharnes/practice/sql/index.php on line 89
[12-Oct-2017 17:32:22 UTC] PHP Stack trace:
[12-Oct-2017 17:32:22 UTC] PHP   1. {main}() /home/ubuntu/workspace/aharnes/practice/sql/index.php:0
[12-Oct-2017 17:32:22 UTC] PHP   2. getRandomQuote() /home/ubuntu/workspace/aharnes/practice/sql/index.php:122
[12-Oct-2017 17:33:49 UTC] PHP Fatal error:  Call to a member function prepare() on a non-object in /home/ubuntu/workspace/aharnes/practice/sql/index.php on line 89
[12-Oct-2017 17:33:49 UTC] PHP Stack trace:
[12-Oct-2017 17:33:49 UTC] PHP   1. {main}() /home/ubuntu/workspace/aharnes/practice/sql/index.php:0
[12-Oct-2017 17:33:49 UTC] PHP   2. getRandomQuote() /home/ubuntu/workspace/aharnes/practice/sql/index.php:123
[12-Oct-2017 17:33:50 UTC] PHP Fatal error:  Call to a member function prepare() on a non-object in /home/ubuntu/workspace/aharnes/practice/sql/index.php on line 89
[12-Oct-2017 17:33:50 UTC] PHP Stack trace:
[12-Oct-2017 17:33:50 UTC] PHP   1. {main}() /home/ubuntu/workspace/aharnes/practice/sql/index.php:0
[12-Oct-2017 17:33:50 UTC] PHP   2. getRandomQuote() /home/ubuntu/workspace/aharnes/practice/sql/index.php:123
[12-Oct-2017 17:33:51 UTC] PHP Fatal error:  Call to a member function prepare() on a non-object in /home/ubuntu/workspace/aharnes/practice/sql/index.php on line 89
[12-Oct-2017 17:33:51 UTC] PHP Stack trace:
[12-Oct-2017 17:33:51 UTC] PHP   1. {main}() /home/ubuntu/workspace/aharnes/practice/sql/index.php:0
[12-Oct-2017 17:33:51 UTC] PHP   2. getRandomQuote() /home/ubuntu/workspace/aharnes/practice/sql/index.php:123
[12-Oct-2017 17:33:51 UTC] PHP Fatal error:  Call to a member function prepare() on a non-object in /home/ubuntu/workspace/aharnes/practice/sql/index.php on line 89
[12-Oct-2017 17:33:51 UTC] PHP Stack trace:
[12-Oct-2017 17:33:51 UTC] PHP   1. {main}() /home/ubuntu/workspace/aharnes/practice/sql/index.php:0
[12-Oct-2017 17:33:51 UTC] PHP   2. getRandomQuote() /home/ubuntu/workspace/aharnes/practice/sql/index.php:123
[12-Oct-2017 17:33:51 UTC] PHP Fatal error:  Call to a member function prepare() on a non-object in /home/ubuntu/workspace/aharnes/practice/sql/index.php on line 89
[12-Oct-2017 17:33:51 UTC] PHP Stack trace:
[12-Oct-2017 17:33:51 UTC] PHP   1. {main}() /home/ubuntu/workspace/aharnes/practice/sql/index.php:0
[12-Oct-2017 17:33:51 UTC] PHP   2. getRandomQuote() /home/ubuntu/workspace/aharnes/practice/sql/index.php:123
[12-Oct-2017 17:33:52 UTC] PHP Fatal error:  Call to a member function prepare() on a non-object in /home/ubuntu/workspace/aharnes/practice/sql/index.php on line 89
[12-Oct-2017 17:33:52 UTC] PHP Stack trace:
[12-Oct-2017 17:33:52 UTC] PHP   1. {main}() /home/ubuntu/workspace/aharnes/practice/sql/index.php:0
[12-Oct-2017 17:33:52 UTC] PHP   2. getRandomQuote() /home/ubuntu/workspace/aharnes/practice/sql/index.php:123
[12-Oct-2017 17:33:52 UTC] PHP Fatal error:  Call to a member function prepare() on a non-object in /home/ubuntu/workspace/aharnes/practice/sql/index.php on line 89
[12-Oct-2017 17:33:52 UTC] PHP Stack trace:
[12-Oct-2017 17:33:52 UTC] PHP   1. {main}() /home/ubuntu/workspace/aharnes/practice/sql/index.php:0
[12-Oct-2017 17:33:52 UTC] PHP   2. getRandomQuote() /home/ubuntu/workspace/aharnes/practice/sql/index.php:123
[12-Oct-2017 17:33:52 UTC] PHP Fatal error:  Call to a member function prepare() on a non-object in /home/ubuntu/workspace/aharnes/practice/sql/index.php on line 89
[12-Oct-2017 17:33:52 UTC] PHP Stack trace:
[12-Oct-2017 17:33:52 UTC] PHP   1. {main}() /home/ubuntu/workspace/aharnes/practice/sql/index.php:0
[12-Oct-2017 17:33:52 UTC] PHP   2. getRandomQuote() /home/ubuntu/workspace/aharnes/practice/sql/index.php:123
[12-Oct-2017 17:36:35 UTC] PHP Fatal error:  Call to a member function prepare() on a non-object in /home/ubuntu/workspace/aharnes/practice/sql/index.php on line 89
[12-Oct-2017 17:36:35 UTC] PHP Stack trace:
[12-Oct-2017 17:36:35 UTC] PHP   1. {main}() /home/ubuntu/workspace/aharnes/practice/sql/index.php:0
[12-Oct-2017 17:36:35 UTC] PHP   2. getRandomQuote() /home/ubuntu/workspace/aharnes/practice/sql/index.php:133
[12-Oct-2017 17:36:36 UTC] PHP Fatal error:  Call to a member function prepare() on a non-object in /home/ubuntu/workspace/aharnes/practice/sql/index.php on line 89
[12-Oct-2017 17:36:36 UTC] PHP Stack trace:
[12-Oct-2017 17:36:36 UTC] PHP   1. {main}() /home/ubuntu/workspace/aharnes/practice/sql/index.php:0
[12-Oct-2017 17:36:36 UTC] PHP   2. getRandomQuote() /home/ubuntu/workspace/aharnes/practice/sql/index.php:133
[12-Oct-2017 17:36:36 UTC] PHP Fatal error:  Call to a member function prepare() on a non-object in /home/ubuntu/workspace/aharnes/practice/sql/index.php on line 89
[12-Oct-2017 17:36:36 UTC] PHP Stack trace:
[12-Oct-2017 17:36:36 UTC] PHP   1. {main}() /home/ubuntu/workspace/aharnes/practice/sql/index.php:0
[12-Oct-2017 17:36:36 UTC] PHP   2. getRandomQuote() /home/ubuntu/workspace/aharnes/practice/sql/index.php:133
[12-Oct-2017 17:36:36 UTC] PHP Fatal error:  Call to a member function prepare() on a non-object in /home/ubuntu/workspace/aharnes/practice/sql/index.php on line 89
[12-Oct-2017 17:36:36 UTC] PHP Stack trace:
[12-Oct-2017 17:36:36 UTC] PHP   1. {main}() /home/ubuntu/workspace/aharnes/practice/sql/index.php:0
[12-Oct-2017 17:36:36 UTC] PHP   2. getRandomQuote() /home/ubuntu/workspace/aharnes/practice/sql/index.php:133
[12-Oct-2017 17:36:37 UTC] PHP Fatal error:  Call to a member function prepare() on a non-object in /home/ubuntu/workspace/aharnes/practice/sql/index.php on line 89
[12-Oct-2017 17:36:37 UTC] PHP Stack trace:
[12-Oct-2017 17:36:37 UTC] PHP   1. {main}() /home/ubuntu/workspace/aharnes/practice/sql/index.php:0
[12-Oct-2017 17:36:37 UTC] PHP   2. getRandomQuote() /home/ubuntu/workspace/aharnes/practice/sql/index.php:133
[12-Oct-2017 17:37:46 UTC] PHP Fatal error:  Call to a member function prepare() on a non-object in /home/ubuntu/workspace/aharnes/practice/sql/index.php on line 89
[12-Oct-2017 17:37:46 UTC] PHP Stack trace:
[12-Oct-2017 17:37:46 UTC] PHP   1. {main}() /home/ubuntu/workspace/aharnes/practice/sql/index.php:0
[12-Oct-2017 17:37:46 UTC] PHP   2. getRandomQuote() /home/ubuntu/workspace/aharnes/practice/sql/index.php:133
[12-Oct-2017 17:39:06 UTC] PHP Fatal error:  Call to a member function prepare() on a non-object in /home/ubuntu/workspace/aharnes/practice/sql/index.php on line 89
[12-Oct-2017 17:39:06 UTC] PHP Stack trace:
[12-Oct-2017 17:39:06 UTC] PHP   1. {main}() /home/ubuntu/workspace/aharnes/practice/sql/index.php:0
[12-Oct-2017 17:39:06 UTC] PHP   2. getRandomQuote() /home/ubuntu/workspace/aharnes/practice/sql/index.php:133
[12-Oct-2017 17:43:40 UTC] PHP Fatal error:  Call to a member function prepare() on a non-object in /home/ubuntu/workspace/aharnes/practice/sql/index.php on line 89
[12-Oct-2017 17:43:40 UTC] PHP Stack trace:
[12-Oct-2017 17:43:40 UTC] PHP   1. {main}() /home/ubuntu/workspace/aharnes/practice/sql/index.php:0
[12-Oct-2017 17:43:40 UTC] PHP   2. getRandomQuote() /home/ubuntu/workspace/aharnes/practice/sql/index.php:133
[12-Oct-2017 17:43:40 UTC] PHP Fatal error:  Call to a member function prepare() on a non-object in /home/ubuntu/workspace/aharnes/practice/sql/index.php on line 89
[12-Oct-2017 17:43:40 UTC] PHP Stack trace:
[12-Oct-2017 17:43:40 UTC] PHP   1. {main}() /home/ubuntu/workspace/aharnes/practice/sql/index.php:0
[12-Oct-2017 17:43:40 UTC] PHP   2. getRandomQuote() /home/ubuntu/workspace/aharnes/practice/sql/index.php:133
[12-Oct-2017 17:43:41 UTC] PHP Fatal error:  Call to a member function prepare() on a non-object in /home/ubuntu/workspace/aharnes/practice/sql/index.php on line 89
[12-Oct-2017 17:43:41 UTC] PHP Stack trace:
[12-Oct-2017 17:43:41 UTC] PHP   1. {main}() /home/ubuntu/workspace/aharnes/practice/sql/index.php:0
[12-Oct-2017 17:43:41 UTC] PHP   2. getRandomQuote() /home/ubuntu/workspace/aharnes/practice/sql/index.php:133
[12-Oct-2017 17:43:41 UTC] PHP Fatal error:  Call to a member function prepare() on a non-object in /home/ubuntu/workspace/aharnes/practice/sql/index.php on line 89
[12-Oct-2017 17:43:41 UTC] PHP Stack trace:
[12-Oct-2017 17:43:41 UTC] PHP   1. {main}() /home/ubuntu/workspace/aharnes/practice/sql/index.php:0
[12-Oct-2017 17:43:41 UTC] PHP   2. getRandomQuote() /home/ubuntu/workspace/aharnes/practice/sql/index.php:133
[12-Oct-2017 17:43:42 UTC] PHP Fatal error:  Call to a member function prepare() on a non-object in /home/ubuntu/workspace/aharnes/practice/sql/index.php on line 89
[12-Oct-2017 17:43:42 UTC] PHP Stack trace:
[12-Oct-2017 17:43:42 UTC] PHP   1. {main}() /home/ubuntu/workspace/aharnes/practice/sql/index.php:0
[12-Oct-2017 17:43:42 UTC] PHP   2. getRandomQuote() /home/ubuntu/workspace/aharnes/practice/sql/index.php:133
[12-Oct-2017 17:43:42 UTC] PHP Fatal error:  Call to a member function prepare() on a non-object in /home/ubuntu/workspace/aharnes/practice/sql/index.php on line 89
[12-Oct-2017 17:43:42 UTC] PHP Stack trace:
[12-Oct-2017 17:43:42 UTC] PHP   1. {main}() /home/ubuntu/workspace/aharnes/practice/sql/index.php:0
[12-Oct-2017 17:43:42 UTC] PHP   2. getRandomQuote() /home/ubuntu/workspace/aharnes/practice/sql/index.php:133
[12-Oct-2017 17:43:42 UTC] PHP Fatal error:  Call to a member function prepare() on a non-object in /home/ubuntu/workspace/aharnes/practice/sql/index.php on line 89
[12-Oct-2017 17:43:42 UTC] PHP Stack trace:
[12-Oct-2017 17:43:42 UTC] PHP   1. {main}() /home/ubuntu/workspace/aharnes/practice/sql/index.php:0
[12-Oct-2017 17:43:42 UTC] PHP   2. getRandomQuote() /home/ubuntu/workspace/aharnes/practice/sql/index.php:133
[12-Oct-2017 17:43:43 UTC] PHP Fatal error:  Call to a member function prepare() on a non-object in /home/ubuntu/workspace/aharnes/practice/sql/index.php on line 89
[12-Oct-2017 17:43:43 UTC] PHP Stack trace:
[12-Oct-2017 17:43:43 UTC] PHP   1. {main}() /home/ubuntu/workspace/aharnes/practice/sql/index.php:0
[12-Oct-2017 17:43:43 UTC] PHP   2. getRandomQuote() /home/ubuntu/workspace/aharnes/practice/sql/index.php:133
[12-Oct-2017 17:43:44 UTC] PHP Fatal error:  Call to a member function prepare() on a non-object in /home/ubuntu/workspace/aharnes/practice/sql/index.php on line 89
[12-Oct-2017 17:43:44 UTC] PHP Stack trace:
[12-Oct-2017 17:43:44 UTC] PHP   1. {main}() /home/ubuntu/workspace/aharnes/practice/sql/index.php:0
[12-Oct-2017 17:43:44 UTC] PHP   2. getRandomQuote() /home/ubuntu/workspace/aharnes/practice/sql/index.php:133
[12-Oct-2017 17:43:44 UTC] PHP Fatal error:  Call to a member function prepare() on a non-object in /home/ubuntu/workspace/aharnes/practice/sql/index.php on line 89
[12-Oct-2017 17:43:44 UTC] PHP Stack trace:
[12-Oct-2017 17:43:44 UTC] PHP   1. {main}() /home/ubuntu/workspace/aharnes/practice/sql/index.php:0
[12-Oct-2017 17:43:44 UTC] PHP   2. getRandomQuote() /home/ubuntu/workspace/aharnes/practice/sql/index.php:133
[12-Oct-2017 17:43:45 UTC] PHP Fatal error:  Call to a member function prepare() on a non-object in /home/ubuntu/workspace/aharnes/practice/sql/index.php on line 89
[12-Oct-2017 17:43:45 UTC] PHP Stack trace:
[12-Oct-2017 17:43:45 UTC] PHP   1. {main}() /home/ubuntu/workspace/aharnes/practice/sql/index.php:0
[12-Oct-2017 17:43:45 UTC] PHP   2. getRandomQuote() /home/ubuntu/workspace/aharnes/practice/sql/index.php:133
[12-Oct-2017 17:43:45 UTC] PHP Fatal error:  Call to a member function prepare() on a non-object in /home/ubuntu/workspace/aharnes/practice/sql/index.php on line 89
[12-Oct-2017 17:43:45 UTC] PHP Stack trace:
[12-Oct-2017 17:43:45 UTC] PHP   1. {main}() /home/ubuntu/workspace/aharnes/practice/sql/index.php:0
[12-Oct-2017 17:43:45 UTC] PHP   2. getRandomQuote() /home/ubuntu/workspace/aharnes/practice/sql/index.php:133
[12-Oct-2017 17:43:45 UTC] PHP Fatal error:  Call to a member function prepare() on a non-object in /home/ubuntu/workspace/aharnes/practice/sql/index.php on line 89
[12-Oct-2017 17:43:45 UTC] PHP Stack trace:
[12-Oct-2017 17:43:45 UTC] PHP   1. {main}() /home/ubuntu/workspace/aharnes/practice/sql/index.php:0
[12-Oct-2017 17:43:45 UTC] PHP   2. getRandomQuote() /home/ubuntu/workspace/aharnes/practice/sql/index.php:133
[12-Oct-2017 17:43:46 UTC] PHP Fatal error:  Call to a member function prepare() on a non-object in /home/ubuntu/workspace/aharnes/practice/sql/index.php on line 89
[12-Oct-2017 17:43:46 UTC] PHP Stack trace:
[12-Oct-2017 17:43:46 UTC] PHP   1. {main}() /home/ubuntu/workspace/aharnes/practice/sql/index.php:0
[12-Oct-2017 17:43:46 UTC] PHP   2. getRandomQuote() /home/ubuntu/workspace/aharnes/practice/sql/index.php:133
[12-Oct-2017 17:43:46 UTC] PHP Fatal error:  Call to a member function prepare() on a non-object in /home/ubuntu/workspace/aharnes/practice/sql/index.php on line 89
[12-Oct-2017 17:43:46 UTC] PHP Stack trace:
[12-Oct-2017 17:43:46 UTC] PHP   1. {main}() /home/ubuntu/workspace/aharnes/practice/sql/index.php:0
[12-Oct-2017 17:43:46 UTC] PHP   2. getRandomQuote() /home/ubuntu/workspace/aharnes/practice/sql/index.php:133
[12-Oct-2017 17:43:46 UTC] PHP Fatal error:  Call to a member function prepare() on a non-object in /home/ubuntu/workspace/aharnes/practice/sql/index.php on line 89
[12-Oct-2017 17:43:46 UTC] PHP Stack trace:
[12-Oct-2017 17:43:46 UTC] PHP   1. {main}() /home/ubuntu/workspace/aharnes/practice/sql/index.php:0
[12-Oct-2017 17:43:46 UTC] PHP   2. getRandomQuote() /home/ubuntu/workspace/aharnes/practice/sql/index.php:133
[12-Oct-2017 17:43:47 UTC] PHP Fatal error:  Call to a member function prepare() on a non-object in /home/ubuntu/workspace/aharnes/practice/sql/index.php on line 89
[12-Oct-2017 17:43:47 UTC] PHP Stack trace:
[12-Oct-2017 17:43:47 UTC] PHP   1. {main}() /home/ubuntu/workspace/aharnes/practice/sql/index.php:0
[12-Oct-2017 17:43:47 UTC] PHP   2. getRandomQuote() /home/ubuntu/workspace/aharnes/practice/sql/index.php:133
[12-Oct-2017 17:45:45 UTC] PHP Fatal error:  Call to a member function prepare() on a non-object in /home/ubuntu/workspace/aharnes/practice/sql/index.php on line 89
[12-Oct-2017 17:45:45 UTC] PHP Stack trace:
[12-Oct-2017 17:45:45 UTC] PHP   1. {main}() /home/ubuntu/workspace/aharnes/practice/sql/index.php:0
[12-Oct-2017 17:45:45 UTC] PHP   2. getRandomQuote() /home/ubuntu/workspace/aharnes/practice/sql/index.php:134
[12-Oct-2017 17:45:46 UTC] PHP Fatal error:  Call to a member function prepare() on a non-object in /home/ubuntu/workspace/aharnes/practice/sql/index.php on line 89
[12-Oct-2017 17:45:46 UTC] PHP Stack trace:
[12-Oct-2017 17:45:46 UTC] PHP   1. {main}() /home/ubuntu/workspace/aharnes/practice/sql/index.php:0
[12-Oct-2017 17:45:46 UTC] PHP   2. getRandomQuote() /home/ubuntu/workspace/aharnes/practice/sql/index.php:134
[12-Oct-2017 17:45:47 UTC] PHP Fatal error:  Call to a member function prepare() on a non-object in /home/ubuntu/workspace/aharnes/practice/sql/index.php on line 89
[12-Oct-2017 17:45:47 UTC] PHP Stack trace:
[12-Oct-2017 17:45:47 UTC] PHP   1. {main}() /home/ubuntu/workspace/aharnes/practice/sql/index.php:0
[12-Oct-2017 17:45:47 UTC] PHP   2. getRandomQuote() /home/ubuntu/workspace/aharnes/practice/sql/index.php:134
[12-Oct-2017 17:45:47 UTC] PHP Fatal error:  Call to a member function prepare() on a non-object in /home/ubuntu/workspace/aharnes/practice/sql/index.php on line 89
[12-Oct-2017 17:45:47 UTC] PHP Stack trace:
[12-Oct-2017 17:45:47 UTC] PHP   1. {main}() /home/ubuntu/workspace/aharnes/practice/sql/index.php:0
[12-Oct-2017 17:45:47 UTC] PHP   2. getRandomQuote() /home/ubuntu/workspace/aharnes/practice/sql/index.php:134
[12-Oct-2017 17:50:17 UTC] PHP Fatal error:  Call to a member function prepare() on a non-object in /home/ubuntu/workspace/aharnes/practice/sql/index.php on line 92
[12-Oct-2017 17:50:17 UTC] PHP Stack trace:
[12-Oct-2017 17:50:17 UTC] PHP   1. {main}() /home/ubuntu/workspace/aharnes/practice/sql/index.php:0
[12-Oct-2017 17:50:17 UTC] PHP   2. getRandomQuote() /home/ubuntu/workspace/aharnes/practice/sql/index.php:122
[12-Oct-2017 17:50:18 UTC] PHP Fatal error:  Call to a member function prepare() on a non-object in /home/ubuntu/workspace/aharnes/practice/sql/index.php on line 92
[12-Oct-2017 17:50:18 UTC] PHP Stack trace:
[12-Oct-2017 17:50:18 UTC] PHP   1. {main}() /home/ubuntu/workspace/aharnes/practice/sql/index.php:0
[12-Oct-2017 17:50:18 UTC] PHP   2. getRandomQuote() /home/ubuntu/workspace/aharnes/practice/sql/index.php:122
[12-Oct-2017 17:50:19 UTC] PHP Fatal error:  Call to a member function prepare() on a non-object in /home/ubuntu/workspace/aharnes/practice/sql/index.php on line 92
[12-Oct-2017 17:50:19 UTC] PHP Stack trace:
[12-Oct-2017 17:50:19 UTC] PHP   1. {main}() /home/ubuntu/workspace/aharnes/practice/sql/index.php:0
[12-Oct-2017 17:50:19 UTC] PHP   2. getRandomQuote() /home/ubuntu/workspace/aharnes/practice/sql/index.php:122
[12-Oct-2017 17:50:19 UTC] PHP Fatal error:  Call to a member function prepare() on a non-object in /home/ubuntu/workspace/aharnes/practice/sql/index.php on line 92
[12-Oct-2017 17:50:19 UTC] PHP Stack trace:
[12-Oct-2017 17:50:19 UTC] PHP   1. {main}() /home/ubuntu/workspace/aharnes/practice/sql/index.php:0
[12-Oct-2017 17:50:19 UTC] PHP   2. getRandomQuote() /home/ubuntu/workspace/aharnes/practice/sql/index.php:122
[12-Oct-2017 17:50:19 UTC] PHP Fatal error:  Call to a member function prepare() on a non-object in /home/ubuntu/workspace/aharnes/practice/sql/index.php on line 92
[12-Oct-2017 17:50:19 UTC] PHP Stack trace:
[12-Oct-2017 17:50:19 UTC] PHP   1. {main}() /home/ubuntu/workspace/aharnes/practice/sql/index.php:0
[12-Oct-2017 17:50:19 UTC] PHP   2. getRandomQuote() /home/ubuntu/workspace/aharnes/practice/sql/index.php:122
[12-Oct-2017 17:50:19 UTC] PHP Fatal error:  Call to a member function prepare() on a non-object in /home/ubuntu/workspace/aharnes/practice/sql/index.php on line 92
[12-Oct-2017 17:50:19 UTC] PHP Stack trace:
[12-Oct-2017 17:50:19 UTC] PHP   1. {main}() /home/ubuntu/workspace/aharnes/practice/sql/index.php:0
[12-Oct-2017 17:50:19 UTC] PHP   2. getRandomQuote() /home/ubuntu/workspace/aharnes/practice/sql/index.php:122
[12-Oct-2017 17:54:02 UTC] PHP Fatal error:  Call to a member function prepare() on a non-object in /home/ubuntu/workspace/aharnes/practice/sql/index.php on line 92
[12-Oct-2017 17:54:02 UTC] PHP Stack trace:
[12-Oct-2017 17:54:02 UTC] PHP   1. {main}() /home/ubuntu/workspace/aharnes/practice/sql/index.php:0
[12-Oct-2017 17:54:02 UTC] PHP   2. getRandomQuote() /home/ubuntu/workspace/aharnes/practice/sql/index.php:123
[12-Oct-2017 17:54:03 UTC] PHP Fatal error:  Call to a member function prepare() on a non-object in /home/ubuntu/workspace/aharnes/practice/sql/index.php on line 92
[12-Oct-2017 17:54:03 UTC] PHP Stack trace:
[12-Oct-2017 17:54:03 UTC] PHP   1. {main}() /home/ubuntu/workspace/aharnes/practice/sql/index.php:0
[12-Oct-2017 17:54:03 UTC] PHP   2. getRandomQuote() /home/ubuntu/workspace/aharnes/practice/sql/index.php:123
[12-Oct-2017 17:54:04 UTC] PHP Fatal error:  Call to a member function prepare() on a non-object in /home/ubuntu/workspace/aharnes/practice/sql/index.php on line 92
[12-Oct-2017 17:54:04 UTC] PHP Stack trace:
[12-Oct-2017 17:54:04 UTC] PHP   1. {main}() /home/ubuntu/workspace/aharnes/practice/sql/index.php:0
[12-Oct-2017 17:54:04 UTC] PHP   2. getRandomQuote() /home/ubuntu/workspace/aharnes/practice/sql/index.php:123
[12-Oct-2017 17:55:30 UTC] PHP Fatal error:  Call to a member function prepare() on a non-object in /home/ubuntu/workspace/aharnes/practice/sql/index.php on line 92
[12-Oct-2017 17:55:30 UTC] PHP Stack trace:
[12-Oct-2017 17:55:30 UTC] PHP   1. {main}() /home/ubuntu/workspace/aharnes/practice/sql/index.php:0
[12-Oct-2017 17:55:30 UTC] PHP   2. getRandomQuote() /home/ubuntu/workspace/aharnes/practice/sql/index.php:123
[12-Oct-2017 17:55:30 UTC] PHP Fatal error:  Call to a member function prepare() on a non-object in /home/ubuntu/workspace/aharnes/practice/sql/index.php on line 92
[12-Oct-2017 17:55:30 UTC] PHP Stack trace:
[12-Oct-2017 17:55:30 UTC] PHP   1. {main}() /home/ubuntu/workspace/aharnes/practice/sql/index.php:0
[12-Oct-2017 17:55:30 UTC] PHP   2. getRandomQuote() /home/ubuntu/workspace/aharnes/practice/sql/index.php:123
[12-Oct-2017 17:55:31 UTC] PHP Fatal error:  Call to a member function prepare() on a non-object in /home/ubuntu/workspace/aharnes/practice/sql/index.php on line 92
[12-Oct-2017 17:55:31 UTC] PHP Stack trace:
[12-Oct-2017 17:55:31 UTC] PHP   1. {main}() /home/ubuntu/workspace/aharnes/practice/sql/index.php:0
[12-Oct-2017 17:55:31 UTC] PHP   2. getRandomQuote() /home/ubuntu/workspace/aharnes/practice/sql/index.php:123
[12-Oct-2017 17:55:31 UTC] PHP Fatal error:  Call to a member function prepare() on a non-object in /home/ubuntu/workspace/aharnes/practice/sql/index.php on line 92
[12-Oct-2017 17:55:31 UTC] PHP Stack trace:
[12-Oct-2017 17:55:31 UTC] PHP   1. {main}() /home/ubuntu/workspace/aharnes/practice/sql/index.php:0
[12-Oct-2017 17:55:31 UTC] PHP   2. getRandomQuote() /home/ubuntu/workspace/aharnes/practice/sql/index.php:123
[12-Oct-2017 17:55:31 UTC] PHP Fatal error:  Call to a member function prepare() on a non-object in /home/ubuntu/workspace/aharnes/practice/sql/index.php on line 92
[12-Oct-2017 17:55:31 UTC] PHP Stack trace:
[12-Oct-2017 17:55:31 UTC] PHP   1. {main}() /home/ubuntu/workspace/aharnes/practice/sql/index.php:0
[12-Oct-2017 17:55:31 UTC] PHP   2. getRandomQuote() /home/ubuntu/workspace/aharnes/practice/sql/index.php:123
[12-Oct-2017 17:55:31 UTC] PHP Fatal error:  Call to a member function prepare() on a non-object in /home/ubuntu/workspace/aharnes/practice/sql/index.php on line 92
[12-Oct-2017 17:55:31 UTC] PHP Stack trace:
[12-Oct-2017 17:55:31 UTC] PHP   1. {main}() /home/ubuntu/workspace/aharnes/practice/sql/index.php:0
[12-Oct-2017 17:55:31 UTC] PHP   2. getRandomQuote() /home/ubuntu/workspace/aharnes/practice/sql/index.php:123
[12-Oct-2017 17:59:43 UTC] PHP Fatal error:  Call to a member function prepare() on a non-object in /home/ubuntu/workspace/aharnes/practice/sql/index.php on line 92
[12-Oct-2017 17:59:43 UTC] PHP Stack trace:
[12-Oct-2017 17:59:43 UTC] PHP   1. {main}() /home/ubuntu/workspace/aharnes/practice/sql/index.php:0
[12-Oct-2017 17:59:43 UTC] PHP   2. getRandomQuote() /home/ubuntu/workspace/aharnes/practice/sql/index.php:125
[12-Oct-2017 17:59:44 UTC] PHP Fatal error:  Call to a member function prepare() on a non-object in /home/ubuntu/workspace/aharnes/practice/sql/index.php on line 92
[12-Oct-2017 17:59:44 UTC] PHP Stack trace:
[12-Oct-2017 17:59:44 UTC] PHP   1. {main}() /home/ubuntu/workspace/aharnes/practice/sql/index.php:0
[12-Oct-2017 17:59:44 UTC] PHP   2. getRandomQuote() /home/ubuntu/workspace/aharnes/practice/sql/index.php:125
[12-Oct-2017 18:00:00 UTC] PHP Fatal error:  Call to a member function prepare() on a non-object in /home/ubuntu/workspace/aharnes/practice/sql/index.php on line 92
[12-Oct-2017 18:00:00 UTC] PHP Stack trace:
[12-Oct-2017 18:00:00 UTC] PHP   1. {main}() /home/ubuntu/workspace/aharnes/practice/sql/index.php:0
[12-Oct-2017 18:00:00 UTC] PHP   2. getRandomQuote() /home/ubuntu/workspace/aharnes/practice/sql/index.php:123
[12-Oct-2017 18:02:38 UTC] PHP Fatal error:  Call to a member function prepare() on a non-object in /home/ubuntu/workspace/aharnes/practice/sql/index.php on line 92
[12-Oct-2017 18:02:38 UTC] PHP Stack trace:
[12-Oct-2017 18:02:38 UTC] PHP   1. {main}() /home/ubuntu/workspace/aharnes/practice/sql/index.php:0
[12-Oct-2017 18:02:38 UTC] PHP   2. getRandomQuote() /home/ubuntu/workspace/aharnes/practice/sql/index.php:123
[12-Oct-2017 18:02:39 UTC] PHP Fatal error:  Call to a member function prepare() on a non-object in /home/ubuntu/workspace/aharnes/practice/sql/index.php on line 92
[12-Oct-2017 18:02:39 UTC] PHP Stack trace:
[12-Oct-2017 18:02:39 UTC] PHP   1. {main}() /home/ubuntu/workspace/aharnes/practice/sql/index.php:0
[12-Oct-2017 18:02:39 UTC] PHP   2. getRandomQuote() /home/ubuntu/workspace/aharnes/practice/sql/index.php:123
[12-Oct-2017 18:02:40 UTC] PHP Fatal error:  Call to a member function prepare() on a non-object in /home/ubuntu/workspace/aharnes/practice/sql/index.php on line 92
[12-Oct-2017 18:02:40 UTC] PHP Stack trace:
[12-Oct-2017 18:02:40 UTC] PHP   1. {main}() /home/ubuntu/workspace/aharnes/practice/sql/index.php:0
[12-Oct-2017 18:02:40 UTC] PHP   2. getRandomQuote() /home/ubuntu/workspace/aharnes/practice/sql/index.php:123
[12-Oct-2017 18:02:41 UTC] PHP Fatal error:  Call to a member function prepare() on a non-object in /home/ubuntu/workspace/aharnes/practice/sql/index.php on line 92
[12-Oct-2017 18:02:41 UTC] PHP Stack trace:
[12-Oct-2017 18:02:41 UTC] PHP   1. {main}() /home/ubuntu/workspace/aharnes/practice/sql/index.php:0
[12-Oct-2017 18:02:41 UTC] PHP   2. getRandomQuote() /home/ubuntu/workspace/aharnes/practice/sql/index.php:123
[12-Oct-2017 18:02:41 UTC] PHP Fatal error:  Call to a member function prepare() on a non-object in /home/ubuntu/workspace/aharnes/practice/sql/index.php on line 92
[12-Oct-2017 18:02:41 UTC] PHP Stack trace:
[12-Oct-2017 18:02:41 UTC] PHP   1. {main}() /home/ubuntu/workspace/aharnes/practice/sql/index.php:0
[12-Oct-2017 18:02:41 UTC] PHP   2. getRandomQuote() /home/ubuntu/workspace/aharnes/practice/sql/index.php:123
[12-Oct-2017 18:10:46 UTC] PHP Fatal error:  Call to a member function prepare() on a non-object in /home/ubuntu/workspace/aharnes/practice/sql/index.php on line 16
[12-Oct-2017 18:10:46 UTC] PHP Stack trace:
[12-Oct-2017 18:10:46 UTC] PHP   1. {main}() /home/ubuntu/workspace/aharnes/practice/sql/index.php:0
[12-Oct-2017 18:10:46 UTC] PHP   2. getAllReflectionQuotes() /home/ubuntu/workspace/aharnes/practice/sql/index.php:89
[12-Oct-2017 18:10:47 UTC] PHP Fatal error:  Call to a member function prepare() on a non-object in /home/ubuntu/workspace/aharnes/practice/sql/index.php on line 16
[12-Oct-2017 18:10:47 UTC] PHP Stack trace:
[12-Oct-2017 18:10:47 UTC] PHP   1. {main}() /home/ubuntu/workspace/aharnes/practice/sql/index.php:0
[12-Oct-2017 18:10:47 UTC] PHP   2. getAllReflectionQuotes() /home/ubuntu/workspace/aharnes/practice/sql/index.php:89
[12-Oct-2017 18:10:48 UTC] PHP Fatal error:  Call to a member function prepare() on a non-object in /home/ubuntu/workspace/aharnes/practice/sql/index.php on line 16
[12-Oct-2017 18:10:48 UTC] PHP Stack trace:
[12-Oct-2017 18:10:48 UTC] PHP   1. {main}() /home/ubuntu/workspace/aharnes/practice/sql/index.php:0
[12-Oct-2017 18:10:48 UTC] PHP   2. getAllReflectionQuotes() /home/ubuntu/workspace/aharnes/practice/sql/index.php:89
[12-Oct-2017 18:10:48 UTC] PHP Fatal error:  Call to a member function prepare() on a non-object in /home/ubuntu/workspace/aharnes/practice/sql/index.php on line 16
[12-Oct-2017 18:10:48 UTC] PHP Stack trace:
[12-Oct-2017 18:10:48 UTC] PHP   1. {main}() /home/ubuntu/workspace/aharnes/practice/sql/index.php:0
[12-Oct-2017 18:10:48 UTC] PHP   2. getAllReflectionQuotes() /home/ubuntu/workspace/aharnes/practice/sql/index.php:89
[12-Oct-2017 18:10:49 UTC] PHP Fatal error:  Call to a member function prepare() on a non-object in /home/ubuntu/workspace/aharnes/practice/sql/index.php on line 16
[12-Oct-2017 18:10:49 UTC] PHP Stack trace:
[12-Oct-2017 18:10:49 UTC] PHP   1. {main}() /home/ubuntu/workspace/aharnes/practice/sql/index.php:0
[12-Oct-2017 18:10:49 UTC] PHP   2. getAllReflectionQuotes() /home/ubuntu/workspace/aharnes/practice/sql/index.php:89
[12-Oct-2017 18:10:49 UTC] PHP Fatal error:  Call to a member function prepare() on a non-object in /home/ubuntu/workspace/aharnes/practice/sql/index.php on line 16
[12-Oct-2017 18:10:49 UTC] PHP Stack trace:
[12-Oct-2017 18:10:49 UTC] PHP   1. {main}() /home/ubuntu/workspace/aharnes/practice/sql/index.php:0
[12-Oct-2017 18:10:49 UTC] PHP   2. getAllReflectionQuotes() /home/ubuntu/workspace/aharnes/practice/sql/index.php:89
[12-Oct-2017 18:10:49 UTC] PHP Fatal error:  Call to a member function prepare() on a non-object in /home/ubuntu/workspace/aharnes/practice/sql/index.php on line 16
[12-Oct-2017 18:10:49 UTC] PHP Stack trace:
[12-Oct-2017 18:10:49 UTC] PHP   1. {main}() /home/ubuntu/workspace/aharnes/practice/sql/index.php:0
[12-Oct-2017 18:10:49 UTC] PHP   2. getAllReflectionQuotes() /home/ubuntu/workspace/aharnes/practice/sql/index.php:89
[12-Oct-2017 18:10:49 UTC] PHP Fatal error:  Call to a member function prepare() on a non-object in /home/ubuntu/workspace/aharnes/practice/sql/index.php on line 16
[12-Oct-2017 18:10:49 UTC] PHP Stack trace:
[12-Oct-2017 18:10:49 UTC] PHP   1. {main}() /home/ubuntu/workspace/aharnes/practice/sql/index.php:0
[12-Oct-2017 18:10:49 UTC] PHP   2. getAllReflectionQuotes() /home/ubuntu/workspace/aharnes/practice/sql/index.php:89
[12-Oct-2017 18:10:50 UTC] PHP Fatal error:  Call to a member function prepare() on a non-object in /home/ubuntu/workspace/aharnes/practice/sql/index.php on line 16
[12-Oct-2017 18:10:50 UTC] PHP Stack trace:
[12-Oct-2017 18:10:50 UTC] PHP   1. {main}() /home/ubuntu/workspace/aharnes/practice/sql/index.php:0
[12-Oct-2017 18:10:50 UTC] PHP   2. getAllReflectionQuotes() /home/ubuntu/workspace/aharnes/practice/sql/index.php:89
[12-Oct-2017 18:10:50 UTC] PHP Fatal error:  Call to a member function prepare() on a non-object in /home/ubuntu/workspace/aharnes/practice/sql/index.php on line 16
[12-Oct-2017 18:10:50 UTC] PHP Stack trace:
[12-Oct-2017 18:10:50 UTC] PHP   1. {main}() /home/ubuntu/workspace/aharnes/practice/sql/index.php:0
[12-Oct-2017 18:10:50 UTC] PHP   2. getAllReflectionQuotes() /home/ubuntu/workspace/aharnes/practice/sql/index.php:89
[12-Oct-2017 18:11:05 UTC] PHP Fatal error:  Call to a member function prepare() on a non-object in /home/ubuntu/workspace/aharnes/practice/sql/index.php on line 16
[12-Oct-2017 18:11:05 UTC] PHP Stack trace:
[12-Oct-2017 18:11:05 UTC] PHP   1. {main}() /home/ubuntu/workspace/aharnes/practice/sql/index.php:0
[12-Oct-2017 18:11:05 UTC] PHP   2. getAllReflectionQuotes() /home/ubuntu/workspace/aharnes/practice/sql/index.php:89
[12-Oct-2017 18:11:05 UTC] PHP Fatal error:  Call to a member function prepare() on a non-object in /home/ubuntu/workspace/aharnes/practice/sql/index.php on line 16
[12-Oct-2017 18:11:05 UTC] PHP Stack trace:
[12-Oct-2017 18:11:05 UTC] PHP   1. {main}() /home/ubuntu/workspace/aharnes/practice/sql/index.php:0
[12-Oct-2017 18:11:05 UTC] PHP   2. getAllReflectionQuotes() /home/ubuntu/workspace/aharnes/practice/sql/index.php:89
[12-Oct-2017 18:11:06 UTC] PHP Fatal error:  Call to a member function prepare() on a non-object in /home/ubuntu/workspace/aharnes/practice/sql/index.php on line 16
[12-Oct-2017 18:11:06 UTC] PHP Stack trace:
[12-Oct-2017 18:11:06 UTC] PHP   1. {main}() /home/ubuntu/workspace/aharnes/practice/sql/index.php:0
[12-Oct-2017 18:11:06 UTC] PHP   2. getAllReflectionQuotes() /home/ubuntu/workspace/aharnes/practice/sql/index.php:89
[12-Oct-2017 18:13:03 UTC] PHP Fatal error:  Call to a member function prepare() on a non-object in /home/ubuntu/workspace/aharnes/practice/sql/index.php on line 17
[12-Oct-2017 18:13:03 UTC] PHP Stack trace:
[12-Oct-2017 18:13:03 UTC] PHP   1. {main}() /home/ubuntu/workspace/aharnes/practice/sql/index.php:0
[12-Oct-2017 18:13:03 UTC] PHP   2. getAllReflectionQuotes() /home/ubuntu/workspace/aharnes/practice/sql/index.php:90
[12-Oct-2017 18:13:04 UTC] PHP Fatal error:  Call to a member function prepare() on a non-object in /home/ubuntu/workspace/aharnes/practice/sql/index.php on line 17
[12-Oct-2017 18:13:04 UTC] PHP Stack trace:
[12-Oct-2017 18:13:04 UTC] PHP   1. {main}() /home/ubuntu/workspace/aharnes/practice/sql/index.php:0
[12-Oct-2017 18:13:04 UTC] PHP   2. getAllReflectionQuotes() /home/ubuntu/workspace/aharnes/practice/sql/index.php:90
[12-Oct-2017 18:13:06 UTC] PHP Fatal error:  Call to a member function prepare() on a non-object in /home/ubuntu/workspace/aharnes/practice/sql/index.php on line 17
[12-Oct-2017 18:13:06 UTC] PHP Stack trace:
[12-Oct-2017 18:13:06 UTC] PHP   1. {main}() /home/ubuntu/workspace/aharnes/practice/sql/index.php:0
[12-Oct-2017 18:13:06 UTC] PHP   2. getAllReflectionQuotes() /home/ubuntu/workspace/aharnes/practice/sql/index.php:90
[12-Oct-2017 18:13:34 UTC] PHP Fatal error:  Call to a member function prepare() on a non-object in /home/ubuntu/workspace/aharnes/practice/sql/index.php on line 17
[12-Oct-2017 18:13:34 UTC] PHP Stack trace:
[12-Oct-2017 18:13:34 UTC] PHP   1. {main}() /home/ubuntu/workspace/aharnes/practice/sql/index.php:0
[12-Oct-2017 18:13:34 UTC] PHP   2. getAllReflectionQuotes() /home/ubuntu/workspace/aharnes/practice/sql/index.php:90
[12-Oct-2017 18:13:35 UTC] PHP Fatal error:  Call to a member function prepare() on a non-object in /home/ubuntu/workspace/aharnes/practice/sql/index.php on line 17
[12-Oct-2017 18:13:35 UTC] PHP Stack trace:
[12-Oct-2017 18:13:35 UTC] PHP   1. {main}() /home/ubuntu/workspace/aharnes/practice/sql/index.php:0
[12-Oct-2017 18:13:35 UTC] PHP   2. getAllReflectionQuotes() /home/ubuntu/workspace/aharnes/practice/sql/index.php:90
[12-Oct-2017 18:13:43 UTC] PHP Fatal error:  Call to a member function prepare() on a non-object in /home/ubuntu/workspace/aharnes/practice/sql/index.php on line 17
[12-Oct-2017 18:13:43 UTC] PHP Stack trace:
[12-Oct-2017 18:13:43 UTC] PHP   1. {main}() /home/ubuntu/workspace/aharnes/practice/sql/index.php:0
[12-Oct-2017 18:13:43 UTC] PHP   2. getAllReflectionQuotes() /home/ubuntu/workspace/aharnes/practice/sql/index.php:90
[12-Oct-2017 18:13:43 UTC] PHP Fatal error:  Call to a member function prepare() on a non-object in /home/ubuntu/workspace/aharnes/practice/sql/index.php on line 17
[12-Oct-2017 18:13:43 UTC] PHP Stack trace:
[12-Oct-2017 18:13:43 UTC] PHP   1. {main}() /home/ubuntu/workspace/aharnes/practice/sql/index.php:0
[12-Oct-2017 18:13:43 UTC] PHP   2. getAllReflectionQuotes() /home/ubuntu/workspace/aharnes/practice/sql/index.php:90
[12-Oct-2017 18:32:53 UTC] PHP Fatal error:  Call to a member function prepare() on a non-object in /home/ubuntu/workspace/aharnes/practice/sql/index.php on line 17
[12-Oct-2017 18:32:53 UTC] PHP Stack trace:
[12-Oct-2017 18:32:53 UTC] PHP   1. {main}() /home/ubuntu/workspace/aharnes/practice/sql/index.php:0
[12-Oct-2017 18:32:53 UTC] PHP   2. getAllReflectionQuotes() /home/ubuntu/workspace/aharnes/practice/sql/index.php:90
[12-Oct-2017 18:39:37 UTC] PHP Fatal error:  Call to a member function prepare() on a non-object in /home/ubuntu/workspace/aharnes/practice/sql/index.php on line 17
[12-Oct-2017 18:39:37 UTC] PHP Stack trace:
[12-Oct-2017 18:39:37 UTC] PHP   1. {main}() /home/ubuntu/workspace/aharnes/practice/sql/index.php:0
[12-Oct-2017 18:39:37 UTC] PHP   2. getAllReflectionQuotes() /home/ubuntu/workspace/aharnes/practice/sql/index.php:90
[12-Oct-2017 18:39:39 UTC] PHP Fatal error:  Call to a member function prepare() on a non-object in /home/ubuntu/workspace/aharnes/practice/sql/index.php on line 17
[12-Oct-2017 18:39:39 UTC] PHP Stack trace:
[12-Oct-2017 18:39:39 UTC] PHP   1. {main}() /home/ubuntu/workspace/aharnes/practice/sql/index.php:0
[12-Oct-2017 18:39:39 UTC] PHP   2. getAllReflectionQuotes() /home/ubuntu/workspace/aharnes/practice/sql/index.php:90
[12-Oct-2017 18:40:19 UTC] PHP Fatal error:  Call to a member function prepare() on a non-object in /home/ubuntu/workspace/aharnes/practice/sql/index.php on line 17
[12-Oct-2017 18:40:19 UTC] PHP Stack trace:
[12-Oct-2017 18:40:19 UTC] PHP   1. {main}() /home/ubuntu/workspace/aharnes/practice/sql/index.php:0
[12-Oct-2017 18:40:19 UTC] PHP   2. getAllReflectionQuotes() /home/ubuntu/workspace/aharnes/practice/sql/index.php:90
[12-Oct-2017 18:40:20 UTC] PHP Fatal error:  Call to a member function prepare() on a non-object in /home/ubuntu/workspace/aharnes/practice/sql/index.php on line 17
[12-Oct-2017 18:40:20 UTC] PHP Stack trace:
[12-Oct-2017 18:40:20 UTC] PHP   1. {main}() /home/ubuntu/workspace/aharnes/practice/sql/index.php:0
[12-Oct-2017 18:40:20 UTC] PHP   2. getAllReflectionQuotes() /home/ubuntu/workspace/aharnes/practice/sql/index.php:90
[12-Oct-2017 18:42:43 UTC] PHP Fatal error:  Call to a member function prepare() on a non-object in /home/ubuntu/workspace/aharnes/practice/sql/index.php on line 17
[12-Oct-2017 18:42:43 UTC] PHP Stack trace:
[12-Oct-2017 18:42:43 UTC] PHP   1. {main}() /home/ubuntu/workspace/aharnes/practice/sql/index.php:0
[12-Oct-2017 18:42:43 UTC] PHP   2. getAllReflectionQuotes() /home/ubuntu/workspace/aharnes/practice/sql/index.php:90
[12-Oct-2017 18:42:44 UTC] PHP Fatal error:  Call to a member function prepare() on a non-object in /home/ubuntu/workspace/aharnes/practice/sql/index.php on line 17
[12-Oct-2017 18:42:44 UTC] PHP Stack trace:
[12-Oct-2017 18:42:44 UTC] PHP   1. {main}() /home/ubuntu/workspace/aharnes/practice/sql/index.php:0
[12-Oct-2017 18:42:44 UTC] PHP   2. getAllReflectionQuotes() /home/ubuntu/workspace/aharnes/practice/sql/index.php:90
[12-Oct-2017 18:43:04 UTC] PHP Fatal error:  Call to a member function prepare() on a non-object in /home/ubuntu/workspace/aharnes/practice/sql/index.php on line 17
[12-Oct-2017 18:43:04 UTC] PHP Stack trace:
[12-Oct-2017 18:43:04 UTC] PHP   1. {main}() /home/ubuntu/workspace/aharnes/practice/sql/index.php:0
[12-Oct-2017 18:43:04 UTC] PHP   2. getAllReflectionQuotes() /home/ubuntu/workspace/aharnes/practice/sql/index.php:90
[12-Oct-2017 18:43:05 UTC] PHP Fatal error:  Call to a member function prepare() on a non-object in /home/ubuntu/workspace/aharnes/practice/sql/index.php on line 17
[12-Oct-2017 18:43:05 UTC] PHP Stack trace:
[12-Oct-2017 18:43:05 UTC] PHP   1. {main}() /home/ubuntu/workspace/aharnes/practice/sql/index.php:0
[12-Oct-2017 18:43:05 UTC] PHP   2. getAllReflectionQuotes() /home/ubuntu/workspace/aharnes/practice/sql/index.php:90
[12-Oct-2017 18:43:29 UTC] PHP Fatal error:  Call to a member function prepare() on a non-object in /home/ubuntu/workspace/aharnes/practice/sql/index.php on line 17
[12-Oct-2017 18:43:29 UTC] PHP Stack trace:
[12-Oct-2017 18:43:29 UTC] PHP   1. {main}() /home/ubuntu/workspace/aharnes/practice/sql/index.php:0
[12-Oct-2017 18:43:29 UTC] PHP   2. getAllReflectionQuotes() /home/ubuntu/workspace/aharnes/practice/sql/index.php:90
[12-Oct-2017 18:43:30 UTC] PHP Fatal error:  Call to a member function prepare() on a non-object in /home/ubuntu/workspace/aharnes/practice/sql/index.php on line 17
[12-Oct-2017 18:43:30 UTC] PHP Stack trace:
[12-Oct-2017 18:43:30 UTC] PHP   1. {main}() /home/ubuntu/workspace/aharnes/practice/sql/index.php:0
[12-Oct-2017 18:43:30 UTC] PHP   2. getAllReflectionQuotes() /home/ubuntu/workspace/aharnes/practice/sql/index.php:90
[12-Oct-2017 18:45:28 UTC] PHP Fatal error:  Call to a member function prepare() on a non-object in /home/ubuntu/workspace/aharnes/practice/sql/index.php on line 17
[12-Oct-2017 18:45:28 UTC] PHP Stack trace:
[12-Oct-2017 18:45:28 UTC] PHP   1. {main}() /home/ubuntu/workspace/aharnes/practice/sql/index.php:0
[12-Oct-2017 18:45:28 UTC] PHP   2. getAllReflectionQuotes() /home/ubuntu/workspace/aharnes/practice/sql/index.php:90
[12-Oct-2017 18:45:29 UTC] PHP Fatal error:  Call to a member function prepare() on a non-object in /home/ubuntu/workspace/aharnes/practice/sql/index.php on line 17
[12-Oct-2017 18:45:29 UTC] PHP Stack trace:
[12-Oct-2017 18:45:29 UTC] PHP   1. {main}() /home/ubuntu/workspace/aharnes/practice/sql/index.php:0
[12-Oct-2017 18:45:29 UTC] PHP   2. getAllReflectionQuotes() /home/ubuntu/workspace/aharnes/practice/sql/index.php:90
