[07-Sep-2017 17:36:10 UTC] PHP Parse error:  syntax error, unexpected ',' in /home/ubuntu/workspace/aharnes/practice/randombgColor.php on line 14
[07-Sep-2017 17:36:12 UTC] PHP Parse error:  syntax error, unexpected ',' in /home/ubuntu/workspace/aharnes/practice/randombgColor.php on line 14
[07-Sep-2017 18:00:09 UTC] PHP Fatal error:  Call to undefined function rgba() in /home/ubuntu/workspace/aharnes/practice/randombgColor.php on line 8
[07-Sep-2017 18:00:09 UTC] PHP Stack trace:
[07-Sep-2017 18:00:09 UTC] PHP   1. {main}() /home/ubuntu/workspace/aharnes/practice/randombgColor.php:0
[07-Sep-2017 18:00:09 UTC] PHP   2. getRGBA() /home/ubuntu/workspace/aharnes/practice/randombgColor.php:22
[07-Sep-2017 18:00:09 UTC] PHP Fatal error:  Call to undefined function rgba() in /home/ubuntu/workspace/aharnes/practice/randombgColor.php on line 8
[07-Sep-2017 18:00:09 UTC] PHP Stack trace:
[07-Sep-2017 18:00:09 UTC] PHP   1. {main}() /home/ubuntu/workspace/aharnes/practice/randombgColor.php:0
[07-Sep-2017 18:00:09 UTC] PHP   2. getRGBA() /home/ubuntu/workspace/aharnes/practice/randombgColor.php:22
[12-Sep-2017 18:16:00 UTC] PHP Parse error:  syntax error, unexpected '}', expecting ',' or ';' in /home/ubuntu/workspace/aharnes/practice/array.php on line 25
[12-Sep-2017 18:21:55 UTC] PHP Warning:  array_pop() expects exactly 1 parameter, 0 given in /home/ubuntu/workspace/aharnes/practice/array.php on line 34
[12-Sep-2017 18:21:55 UTC] PHP Stack trace:
[12-Sep-2017 18:21:55 UTC] PHP   1. {main}() /home/ubuntu/workspace/aharnes/practice/array.php:0
[12-Sep-2017 18:21:55 UTC] PHP   2. array_pop() /home/ubuntu/workspace/aharnes/practice/array.php:34
[12-Sep-2017 18:24:53 UTC] PHP Parse error:  syntax error, unexpected 'print_r' (T_STRING), expecting ',' or ';' in /home/ubuntu/workspace/aharnes/practice/array.php on line 38
[12-Sep-2017 18:24:54 UTC] PHP Parse error:  syntax error, unexpected 'print_r' (T_STRING), expecting ',' or ';' in /home/ubuntu/workspace/aharnes/practice/array.php on line 38
[19-Sep-2017 05:29:24 UTC] PHP Warning:  shuffle() expects parameter 1 to be array, null given in /home/ubuntu/workspace/aharnes/homework2/index.php on line 17
[19-Sep-2017 05:29:24 UTC] PHP Stack trace:
[19-Sep-2017 05:29:24 UTC] PHP   1. {main}() /home/ubuntu/workspace/aharnes/homework2/index.php:0
[19-Sep-2017 05:29:24 UTC] PHP   2. completeCharacter() /home/ubuntu/workspace/aharnes/homework2/index.php:33
[19-Sep-2017 05:29:24 UTC] PHP   3. getGender() /home/ubuntu/workspace/aharnes/homework2/index.php:12
[19-Sep-2017 05:29:24 UTC] PHP   4. shuffle() /home/ubuntu/workspace/aharnes/homework2/index.php:17
[19-Sep-2017 05:29:25 UTC] PHP Warning:  shuffle() expects parameter 1 to be array, null given in /home/ubuntu/workspace/aharnes/homework2/index.php on line 17
[19-Sep-2017 05:29:25 UTC] PHP Stack trace:
[19-Sep-2017 05:29:25 UTC] PHP   1. {main}() /home/ubuntu/workspace/aharnes/homework2/index.php:0
[19-Sep-2017 05:29:25 UTC] PHP   2. completeCharacter() /home/ubuntu/workspace/aharnes/homework2/index.php:33
[19-Sep-2017 05:29:25 UTC] PHP   3. getGender() /home/ubuntu/workspace/aharnes/homework2/index.php:12
[19-Sep-2017 05:29:25 UTC] PHP   4. shuffle() /home/ubuntu/workspace/aharnes/homework2/index.php:17
[19-Sep-2017 05:29:25 UTC] PHP Warning:  shuffle() expects parameter 1 to be array, null given in /home/ubuntu/workspace/aharnes/homework2/index.php on line 17
[19-Sep-2017 05:29:25 UTC] PHP Stack trace:
[19-Sep-2017 05:29:25 UTC] PHP   1. {main}() /home/ubuntu/workspace/aharnes/homework2/index.php:0
[19-Sep-2017 05:29:25 UTC] PHP   2. completeCharacter() /home/ubuntu/workspace/aharnes/homework2/index.php:33
[19-Sep-2017 05:29:25 UTC] PHP   3. getGender() /home/ubuntu/workspace/aharnes/homework2/index.php:12
[19-Sep-2017 05:29:25 UTC] PHP   4. shuffle() /home/ubuntu/workspace/aharnes/homework2/index.php:17
[19-Sep-2017 05:29:25 UTC] PHP Warning:  shuffle() expects parameter 1 to be array, null given in /home/ubuntu/workspace/aharnes/homework2/index.php on line 17
[19-Sep-2017 05:29:25 UTC] PHP Stack trace:
[19-Sep-2017 05:29:25 UTC] PHP   1. {main}() /home/ubuntu/workspace/aharnes/homework2/index.php:0
[19-Sep-2017 05:29:25 UTC] PHP   2. completeCharacter() /home/ubuntu/workspace/aharnes/homework2/index.php:33
[19-Sep-2017 05:29:25 UTC] PHP   3. getGender() /home/ubuntu/workspace/aharnes/homework2/index.php:12
[19-Sep-2017 05:29:25 UTC] PHP   4. shuffle() /home/ubuntu/workspace/aharnes/homework2/index.php:17
[19-Sep-2017 05:29:25 UTC] PHP Warning:  shuffle() expects parameter 1 to be array, null given in /home/ubuntu/workspace/aharnes/homework2/index.php on line 17
[19-Sep-2017 05:29:25 UTC] PHP Stack trace:
[19-Sep-2017 05:29:25 UTC] PHP   1. {main}() /home/ubuntu/workspace/aharnes/homework2/index.php:0
[19-Sep-2017 05:29:25 UTC] PHP   2. completeCharacter() /home/ubuntu/workspace/aharnes/homework2/index.php:33
[19-Sep-2017 05:29:25 UTC] PHP   3. getGender() /home/ubuntu/workspace/aharnes/homework2/index.php:12
[19-Sep-2017 05:29:25 UTC] PHP   4. shuffle() /home/ubuntu/workspace/aharnes/homework2/index.php:17
[19-Sep-2017 05:29:46 UTC] PHP Warning:  shuffle() expects parameter 1 to be array, null given in /home/ubuntu/workspace/aharnes/homework2/index.php on line 17
[19-Sep-2017 05:29:46 UTC] PHP Stack trace:
[19-Sep-2017 05:29:46 UTC] PHP   1. {main}() /home/ubuntu/workspace/aharnes/homework2/index.php:0
[19-Sep-2017 05:29:46 UTC] PHP   2. completeCharacter() /home/ubuntu/workspace/aharnes/homework2/index.php:29
[19-Sep-2017 05:29:46 UTC] PHP   3. getGender() /home/ubuntu/workspace/aharnes/homework2/index.php:12
[19-Sep-2017 05:29:46 UTC] PHP   4. shuffle() /home/ubuntu/workspace/aharnes/homework2/index.php:17
[19-Sep-2017 05:29:46 UTC] PHP Warning:  shuffle() expects parameter 1 to be array, null given in /home/ubuntu/workspace/aharnes/homework2/index.php on line 17
[19-Sep-2017 05:29:46 UTC] PHP Stack trace:
[19-Sep-2017 05:29:46 UTC] PHP   1. {main}() /home/ubuntu/workspace/aharnes/homework2/index.php:0
[19-Sep-2017 05:29:46 UTC] PHP   2. completeCharacter() /home/ubuntu/workspace/aharnes/homework2/index.php:29
[19-Sep-2017 05:29:46 UTC] PHP   3. getGender() /home/ubuntu/workspace/aharnes/homework2/index.php:12
[19-Sep-2017 05:29:46 UTC] PHP   4. shuffle() /home/ubuntu/workspace/aharnes/homework2/index.php:17
[19-Sep-2017 05:29:47 UTC] PHP Warning:  shuffle() expects parameter 1 to be array, null given in /home/ubuntu/workspace/aharnes/homework2/index.php on line 17
[19-Sep-2017 05:29:47 UTC] PHP Stack trace:
[19-Sep-2017 05:29:47 UTC] PHP   1. {main}() /home/ubuntu/workspace/aharnes/homework2/index.php:0
[19-Sep-2017 05:29:47 UTC] PHP   2. completeCharacter() /home/ubuntu/workspace/aharnes/homework2/index.php:29
[19-Sep-2017 05:29:47 UTC] PHP   3. getGender() /home/ubuntu/workspace/aharnes/homework2/index.php:12
[19-Sep-2017 05:29:47 UTC] PHP   4. shuffle() /home/ubuntu/workspace/aharnes/homework2/index.php:17
[19-Sep-2017 05:29:47 UTC] PHP Warning:  shuffle() expects parameter 1 to be array, null given in /home/ubuntu/workspace/aharnes/homework2/index.php on line 17
[19-Sep-2017 05:29:47 UTC] PHP Stack trace:
[19-Sep-2017 05:29:47 UTC] PHP   1. {main}() /home/ubuntu/workspace/aharnes/homework2/index.php:0
[19-Sep-2017 05:29:47 UTC] PHP   2. completeCharacter() /home/ubuntu/workspace/aharnes/homework2/index.php:29
[19-Sep-2017 05:29:47 UTC] PHP   3. getGender() /home/ubuntu/workspace/aharnes/homework2/index.php:12
[19-Sep-2017 05:29:47 UTC] PHP   4. shuffle() /home/ubuntu/workspace/aharnes/homework2/index.php:17
[19-Sep-2017 05:29:47 UTC] PHP Warning:  shuffle() expects parameter 1 to be array, null given in /home/ubuntu/workspace/aharnes/homework2/index.php on line 17
[19-Sep-2017 05:29:47 UTC] PHP Stack trace:
[19-Sep-2017 05:29:47 UTC] PHP   1. {main}() /home/ubuntu/workspace/aharnes/homework2/index.php:0
[19-Sep-2017 05:29:47 UTC] PHP   2. completeCharacter() /home/ubuntu/workspace/aharnes/homework2/index.php:29
[19-Sep-2017 05:29:47 UTC] PHP   3. getGender() /home/ubuntu/workspace/aharnes/homework2/index.php:12
[19-Sep-2017 05:29:47 UTC] PHP   4. shuffle() /home/ubuntu/workspace/aharnes/homework2/index.php:17
[19-Sep-2017 05:29:47 UTC] PHP Warning:  shuffle() expects parameter 1 to be array, null given in /home/ubuntu/workspace/aharnes/homework2/index.php on line 17
[19-Sep-2017 05:29:47 UTC] PHP Stack trace:
[19-Sep-2017 05:29:47 UTC] PHP   1. {main}() /home/ubuntu/workspace/aharnes/homework2/index.php:0
[19-Sep-2017 05:29:47 UTC] PHP   2. completeCharacter() /home/ubuntu/workspace/aharnes/homework2/index.php:29
[19-Sep-2017 05:29:47 UTC] PHP   3. getGender() /home/ubuntu/workspace/aharnes/homework2/index.php:12
[19-Sep-2017 05:29:47 UTC] PHP   4. shuffle() /home/ubuntu/workspace/aharnes/homework2/index.php:17
[19-Sep-2017 05:29:48 UTC] PHP Warning:  shuffle() expects parameter 1 to be array, null given in /home/ubuntu/workspace/aharnes/homework2/index.php on line 17
[19-Sep-2017 05:29:48 UTC] PHP Stack trace:
[19-Sep-2017 05:29:48 UTC] PHP   1. {main}() /home/ubuntu/workspace/aharnes/homework2/index.php:0
[19-Sep-2017 05:29:48 UTC] PHP   2. completeCharacter() /home/ubuntu/workspace/aharnes/homework2/index.php:29
[19-Sep-2017 05:29:48 UTC] PHP   3. getGender() /home/ubuntu/workspace/aharnes/homework2/index.php:12
[19-Sep-2017 05:29:48 UTC] PHP   4. shuffle() /home/ubuntu/workspace/aharnes/homework2/index.php:17
[19-Sep-2017 05:29:48 UTC] PHP Warning:  shuffle() expects parameter 1 to be array, null given in /home/ubuntu/workspace/aharnes/homework2/index.php on line 17
[19-Sep-2017 05:29:48 UTC] PHP Stack trace:
[19-Sep-2017 05:29:48 UTC] PHP   1. {main}() /home/ubuntu/workspace/aharnes/homework2/index.php:0
[19-Sep-2017 05:29:48 UTC] PHP   2. completeCharacter() /home/ubuntu/workspace/aharnes/homework2/index.php:29
[19-Sep-2017 05:29:48 UTC] PHP   3. getGender() /home/ubuntu/workspace/aharnes/homework2/index.php:12
[19-Sep-2017 05:29:48 UTC] PHP   4. shuffle() /home/ubuntu/workspace/aharnes/homework2/index.php:17
[19-Sep-2017 05:29:48 UTC] PHP Warning:  shuffle() expects parameter 1 to be array, null given in /home/ubuntu/workspace/aharnes/homework2/index.php on line 17
[19-Sep-2017 05:29:48 UTC] PHP Stack trace:
[19-Sep-2017 05:29:48 UTC] PHP   1. {main}() /home/ubuntu/workspace/aharnes/homework2/index.php:0
[19-Sep-2017 05:29:48 UTC] PHP   2. completeCharacter() /home/ubuntu/workspace/aharnes/homework2/index.php:29
[19-Sep-2017 05:29:48 UTC] PHP   3. getGender() /home/ubuntu/workspace/aharnes/homework2/index.php:12
[19-Sep-2017 05:29:48 UTC] PHP   4. shuffle() /home/ubuntu/workspace/aharnes/homework2/index.php:17
[19-Sep-2017 05:29:48 UTC] PHP Warning:  shuffle() expects parameter 1 to be array, null given in /home/ubuntu/workspace/aharnes/homework2/index.php on line 17
[19-Sep-2017 05:29:48 UTC] PHP Stack trace:
[19-Sep-2017 05:29:48 UTC] PHP   1. {main}() /home/ubuntu/workspace/aharnes/homework2/index.php:0
[19-Sep-2017 05:29:48 UTC] PHP   2. completeCharacter() /home/ubuntu/workspace/aharnes/homework2/index.php:29
[19-Sep-2017 05:29:48 UTC] PHP   3. getGender() /home/ubuntu/workspace/aharnes/homework2/index.php:12
[19-Sep-2017 05:29:48 UTC] PHP   4. shuffle() /home/ubuntu/workspace/aharnes/homework2/index.php:17
[19-Sep-2017 05:29:48 UTC] PHP Warning:  shuffle() expects parameter 1 to be array, null given in /home/ubuntu/workspace/aharnes/homework2/index.php on line 17
[19-Sep-2017 05:29:48 UTC] PHP Stack trace:
[19-Sep-2017 05:29:48 UTC] PHP   1. {main}() /home/ubuntu/workspace/aharnes/homework2/index.php:0
[19-Sep-2017 05:29:48 UTC] PHP   2. completeCharacter() /home/ubuntu/workspace/aharnes/homework2/index.php:29
[19-Sep-2017 05:29:48 UTC] PHP   3. getGender() /home/ubuntu/workspace/aharnes/homework2/index.php:12
[19-Sep-2017 05:29:48 UTC] PHP   4. shuffle() /home/ubuntu/workspace/aharnes/homework2/index.php:17
[19-Sep-2017 05:29:49 UTC] PHP Warning:  shuffle() expects parameter 1 to be array, null given in /home/ubuntu/workspace/aharnes/homework2/index.php on line 17
[19-Sep-2017 05:29:49 UTC] PHP Stack trace:
[19-Sep-2017 05:29:49 UTC] PHP   1. {main}() /home/ubuntu/workspace/aharnes/homework2/index.php:0
[19-Sep-2017 05:29:49 UTC] PHP   2. completeCharacter() /home/ubuntu/workspace/aharnes/homework2/index.php:29
[19-Sep-2017 05:29:49 UTC] PHP   3. getGender() /home/ubuntu/workspace/aharnes/homework2/index.php:12
[19-Sep-2017 05:29:49 UTC] PHP   4. shuffle() /home/ubuntu/workspace/aharnes/homework2/index.php:17
[19-Sep-2017 05:29:49 UTC] PHP Warning:  shuffle() expects parameter 1 to be array, null given in /home/ubuntu/workspace/aharnes/homework2/index.php on line 17
[19-Sep-2017 05:29:49 UTC] PHP Stack trace:
[19-Sep-2017 05:29:49 UTC] PHP   1. {main}() /home/ubuntu/workspace/aharnes/homework2/index.php:0
[19-Sep-2017 05:29:49 UTC] PHP   2. completeCharacter() /home/ubuntu/workspace/aharnes/homework2/index.php:29
[19-Sep-2017 05:29:49 UTC] PHP   3. getGender() /home/ubuntu/workspace/aharnes/homework2/index.php:12
[19-Sep-2017 05:29:49 UTC] PHP   4. shuffle() /home/ubuntu/workspace/aharnes/homework2/index.php:17
[19-Sep-2017 05:29:49 UTC] PHP Warning:  shuffle() expects parameter 1 to be array, null given in /home/ubuntu/workspace/aharnes/homework2/index.php on line 17
[19-Sep-2017 05:29:49 UTC] PHP Stack trace:
[19-Sep-2017 05:29:49 UTC] PHP   1. {main}() /home/ubuntu/workspace/aharnes/homework2/index.php:0
[19-Sep-2017 05:29:49 UTC] PHP   2. completeCharacter() /home/ubuntu/workspace/aharnes/homework2/index.php:29
[19-Sep-2017 05:29:49 UTC] PHP   3. getGender() /home/ubuntu/workspace/aharnes/homework2/index.php:12
[19-Sep-2017 05:29:49 UTC] PHP   4. shuffle() /home/ubuntu/workspace/aharnes/homework2/index.php:17
[19-Sep-2017 05:50:43 UTC] PHP Warning:  shuffle() expects parameter 1 to be array, null given in /home/ubuntu/workspace/aharnes/homework2/index.php on line 33
[19-Sep-2017 05:50:43 UTC] PHP Stack trace:
[19-Sep-2017 05:50:43 UTC] PHP   1. {main}() /home/ubuntu/workspace/aharnes/homework2/index.php:0
[19-Sep-2017 05:50:43 UTC] PHP   2. completeCharacter() /home/ubuntu/workspace/aharnes/homework2/index.php:60
[19-Sep-2017 05:50:43 UTC] PHP   3. getName() /home/ubuntu/workspace/aharnes/homework2/index.php:15
[19-Sep-2017 05:50:43 UTC] PHP   4. shuffle() /home/ubuntu/workspace/aharnes/homework2/index.php:33
[19-Sep-2017 05:50:43 UTC] PHP Warning:  shuffle() expects parameter 1 to be array, null given in /home/ubuntu/workspace/aharnes/homework2/index.php on line 39
[19-Sep-2017 05:50:43 UTC] PHP Stack trace:
[19-Sep-2017 05:50:43 UTC] PHP   1. {main}() /home/ubuntu/workspace/aharnes/homework2/index.php:0
[19-Sep-2017 05:50:43 UTC] PHP   2. completeCharacter() /home/ubuntu/workspace/aharnes/homework2/index.php:60
[19-Sep-2017 05:50:43 UTC] PHP   3. getName() /home/ubuntu/workspace/aharnes/homework2/index.php:15
[19-Sep-2017 05:50:43 UTC] PHP   4. shuffle() /home/ubuntu/workspace/aharnes/homework2/index.php:39
[19-Sep-2017 05:50:43 UTC] PHP Warning:  current() expects parameter 1 to be array, null given in /home/ubuntu/workspace/aharnes/homework2/index.php on line 40
[19-Sep-2017 05:50:43 UTC] PHP Stack trace:
[19-Sep-2017 05:50:43 UTC] PHP   1. {main}() /home/ubuntu/workspace/aharnes/homework2/index.php:0
[19-Sep-2017 05:50:43 UTC] PHP   2. completeCharacter() /home/ubuntu/workspace/aharnes/homework2/index.php:60
[19-Sep-2017 05:50:43 UTC] PHP   3. getName() /home/ubuntu/workspace/aharnes/homework2/index.php:15
[19-Sep-2017 05:50:43 UTC] PHP   4. current() /home/ubuntu/workspace/aharnes/homework2/index.php:40
[19-Sep-2017 05:50:43 UTC] PHP Warning:  end() expects parameter 1 to be array, null given in /home/ubuntu/workspace/aharnes/homework2/index.php on line 46
[19-Sep-2017 05:50:43 UTC] PHP Stack trace:
[19-Sep-2017 05:50:43 UTC] PHP   1. {main}() /home/ubuntu/workspace/aharnes/homework2/index.php:0
[19-Sep-2017 05:50:43 UTC] PHP   2. completeCharacter() /home/ubuntu/workspace/aharnes/homework2/index.php:60
[19-Sep-2017 05:50:43 UTC] PHP   3. getName() /home/ubuntu/workspace/aharnes/homework2/index.php:15
[19-Sep-2017 05:50:43 UTC] PHP   4. end() /home/ubuntu/workspace/aharnes/homework2/index.php:46
[19-Sep-2017 05:50:45 UTC] PHP Warning:  shuffle() expects parameter 1 to be array, null given in /home/ubuntu/workspace/aharnes/homework2/index.php on line 33
[19-Sep-2017 05:50:45 UTC] PHP Stack trace:
[19-Sep-2017 05:50:45 UTC] PHP   1. {main}() /home/ubuntu/workspace/aharnes/homework2/index.php:0
[19-Sep-2017 05:50:45 UTC] PHP   2. completeCharacter() /home/ubuntu/workspace/aharnes/homework2/index.php:60
[19-Sep-2017 05:50:45 UTC] PHP   3. getName() /home/ubuntu/workspace/aharnes/homework2/index.php:15
[19-Sep-2017 05:50:45 UTC] PHP   4. shuffle() /home/ubuntu/workspace/aharnes/homework2/index.php:33
[19-Sep-2017 05:50:45 UTC] PHP Warning:  shuffle() expects parameter 1 to be array, null given in /home/ubuntu/workspace/aharnes/homework2/index.php on line 39
[19-Sep-2017 05:50:45 UTC] PHP Stack trace:
[19-Sep-2017 05:50:45 UTC] PHP   1. {main}() /home/ubuntu/workspace/aharnes/homework2/index.php:0
[19-Sep-2017 05:50:45 UTC] PHP   2. completeCharacter() /home/ubuntu/workspace/aharnes/homework2/index.php:60
[19-Sep-2017 05:50:45 UTC] PHP   3. getName() /home/ubuntu/workspace/aharnes/homework2/index.php:15
[19-Sep-2017 05:50:45 UTC] PHP   4. shuffle() /home/ubuntu/workspace/aharnes/homework2/index.php:39
[19-Sep-2017 05:50:45 UTC] PHP Warning:  current() expects parameter 1 to be array, null given in /home/ubuntu/workspace/aharnes/homework2/index.php on line 40
[19-Sep-2017 05:50:45 UTC] PHP Stack trace:
[19-Sep-2017 05:50:45 UTC] PHP   1. {main}() /home/ubuntu/workspace/aharnes/homework2/index.php:0
[19-Sep-2017 05:50:45 UTC] PHP   2. completeCharacter() /home/ubuntu/workspace/aharnes/homework2/index.php:60
[19-Sep-2017 05:50:45 UTC] PHP   3. getName() /home/ubuntu/workspace/aharnes/homework2/index.php:15
[19-Sep-2017 05:50:45 UTC] PHP   4. current() /home/ubuntu/workspace/aharnes/homework2/index.php:40
[19-Sep-2017 05:50:45 UTC] PHP Warning:  end() expects parameter 1 to be array, null given in /home/ubuntu/workspace/aharnes/homework2/index.php on line 46
[19-Sep-2017 05:50:45 UTC] PHP Stack trace:
[19-Sep-2017 05:50:45 UTC] PHP   1. {main}() /home/ubuntu/workspace/aharnes/homework2/index.php:0
[19-Sep-2017 05:50:45 UTC] PHP   2. completeCharacter() /home/ubuntu/workspace/aharnes/homework2/index.php:60
[19-Sep-2017 05:50:45 UTC] PHP   3. getName() /home/ubuntu/workspace/aharnes/homework2/index.php:15
[19-Sep-2017 05:50:45 UTC] PHP   4. end() /home/ubuntu/workspace/aharnes/homework2/index.php:46
[19-Sep-2017 05:50:46 UTC] PHP Warning:  shuffle() expects parameter 1 to be array, null given in /home/ubuntu/workspace/aharnes/homework2/index.php on line 33
[19-Sep-2017 05:50:46 UTC] PHP Stack trace:
[19-Sep-2017 05:50:46 UTC] PHP   1. {main}() /home/ubuntu/workspace/aharnes/homework2/index.php:0
[19-Sep-2017 05:50:46 UTC] PHP   2. completeCharacter() /home/ubuntu/workspace/aharnes/homework2/index.php:60
[19-Sep-2017 05:50:46 UTC] PHP   3. getName() /home/ubuntu/workspace/aharnes/homework2/index.php:15
[19-Sep-2017 05:50:46 UTC] PHP   4. shuffle() /home/ubuntu/workspace/aharnes/homework2/index.php:33
[19-Sep-2017 05:50:46 UTC] PHP Warning:  shuffle() expects parameter 1 to be array, null given in /home/ubuntu/workspace/aharnes/homework2/index.php on line 39
[19-Sep-2017 05:50:46 UTC] PHP Stack trace:
[19-Sep-2017 05:50:46 UTC] PHP   1. {main}() /home/ubuntu/workspace/aharnes/homework2/index.php:0
[19-Sep-2017 05:50:46 UTC] PHP   2. completeCharacter() /home/ubuntu/workspace/aharnes/homework2/index.php:60
[19-Sep-2017 05:50:46 UTC] PHP   3. getName() /home/ubuntu/workspace/aharnes/homework2/index.php:15
[19-Sep-2017 05:50:46 UTC] PHP   4. shuffle() /home/ubuntu/workspace/aharnes/homework2/index.php:39
[19-Sep-2017 05:50:46 UTC] PHP Warning:  current() expects parameter 1 to be array, null given in /home/ubuntu/workspace/aharnes/homework2/index.php on line 40
[19-Sep-2017 05:50:46 UTC] PHP Stack trace:
[19-Sep-2017 05:50:46 UTC] PHP   1. {main}() /home/ubuntu/workspace/aharnes/homework2/index.php:0
[19-Sep-2017 05:50:46 UTC] PHP   2. completeCharacter() /home/ubuntu/workspace/aharnes/homework2/index.php:60
[19-Sep-2017 05:50:46 UTC] PHP   3. getName() /home/ubuntu/workspace/aharnes/homework2/index.php:15
[19-Sep-2017 05:50:46 UTC] PHP   4. current() /home/ubuntu/workspace/aharnes/homework2/index.php:40
[19-Sep-2017 05:50:46 UTC] PHP Warning:  end() expects parameter 1 to be array, null given in /home/ubuntu/workspace/aharnes/homework2/index.php on line 46
[19-Sep-2017 05:50:46 UTC] PHP Stack trace:
[19-Sep-2017 05:50:46 UTC] PHP   1. {main}() /home/ubuntu/workspace/aharnes/homework2/index.php:0
[19-Sep-2017 05:50:46 UTC] PHP   2. completeCharacter() /home/ubuntu/workspace/aharnes/homework2/index.php:60
[19-Sep-2017 05:50:46 UTC] PHP   3. getName() /home/ubuntu/workspace/aharnes/homework2/index.php:15
[19-Sep-2017 05:50:46 UTC] PHP   4. end() /home/ubuntu/workspace/aharnes/homework2/index.php:46
[19-Sep-2017 05:50:46 UTC] PHP Warning:  shuffle() expects parameter 1 to be array, null given in /home/ubuntu/workspace/aharnes/homework2/index.php on line 33
[19-Sep-2017 05:50:46 UTC] PHP Stack trace:
[19-Sep-2017 05:50:46 UTC] PHP   1. {main}() /home/ubuntu/workspace/aharnes/homework2/index.php:0
[19-Sep-2017 05:50:46 UTC] PHP   2. completeCharacter() /home/ubuntu/workspace/aharnes/homework2/index.php:60
[19-Sep-2017 05:50:46 UTC] PHP   3. getName() /home/ubuntu/workspace/aharnes/homework2/index.php:15
[19-Sep-2017 05:50:46 UTC] PHP   4. shuffle() /home/ubuntu/workspace/aharnes/homework2/index.php:33
[19-Sep-2017 05:50:46 UTC] PHP Warning:  shuffle() expects parameter 1 to be array, null given in /home/ubuntu/workspace/aharnes/homework2/index.php on line 39
[19-Sep-2017 05:50:46 UTC] PHP Stack trace:
[19-Sep-2017 05:50:46 UTC] PHP   1. {main}() /home/ubuntu/workspace/aharnes/homework2/index.php:0
[19-Sep-2017 05:50:46 UTC] PHP   2. completeCharacter() /home/ubuntu/workspace/aharnes/homework2/index.php:60
[19-Sep-2017 05:50:46 UTC] PHP   3. getName() /home/ubuntu/workspace/aharnes/homework2/index.php:15
[19-Sep-2017 05:50:46 UTC] PHP   4. shuffle() /home/ubuntu/workspace/aharnes/homework2/index.php:39
[19-Sep-2017 05:50:46 UTC] PHP Warning:  current() expects parameter 1 to be array, null given in /home/ubuntu/workspace/aharnes/homework2/index.php on line 40
[19-Sep-2017 05:50:46 UTC] PHP Stack trace:
[19-Sep-2017 05:50:46 UTC] PHP   1. {main}() /home/ubuntu/workspace/aharnes/homework2/index.php:0
[19-Sep-2017 05:50:46 UTC] PHP   2. completeCharacter() /home/ubuntu/workspace/aharnes/homework2/index.php:60
[19-Sep-2017 05:50:46 UTC] PHP   3. getName() /home/ubuntu/workspace/aharnes/homework2/index.php:15
[19-Sep-2017 05:50:46 UTC] PHP   4. current() /home/ubuntu/workspace/aharnes/homework2/index.php:40
[19-Sep-2017 05:50:46 UTC] PHP Warning:  end() expects parameter 1 to be array, null given in /home/ubuntu/workspace/aharnes/homework2/index.php on line 46
[19-Sep-2017 05:50:46 UTC] PHP Stack trace:
[19-Sep-2017 05:50:46 UTC] PHP   1. {main}() /home/ubuntu/workspace/aharnes/homework2/index.php:0
[19-Sep-2017 05:50:46 UTC] PHP   2. completeCharacter() /home/ubuntu/workspace/aharnes/homework2/index.php:60
[19-Sep-2017 05:50:46 UTC] PHP   3. getName() /home/ubuntu/workspace/aharnes/homework2/index.php:15
[19-Sep-2017 05:50:46 UTC] PHP   4. end() /home/ubuntu/workspace/aharnes/homework2/index.php:46
[19-Sep-2017 05:50:46 UTC] PHP Warning:  shuffle() expects parameter 1 to be array, null given in /home/ubuntu/workspace/aharnes/homework2/index.php on line 33
[19-Sep-2017 05:50:46 UTC] PHP Stack trace:
[19-Sep-2017 05:50:46 UTC] PHP   1. {main}() /home/ubuntu/workspace/aharnes/homework2/index.php:0
[19-Sep-2017 05:50:46 UTC] PHP   2. completeCharacter() /home/ubuntu/workspace/aharnes/homework2/index.php:60
[19-Sep-2017 05:50:46 UTC] PHP   3. getName() /home/ubuntu/workspace/aharnes/homework2/index.php:15
[19-Sep-2017 05:50:46 UTC] PHP   4. shuffle() /home/ubuntu/workspace/aharnes/homework2/index.php:33
[19-Sep-2017 05:50:46 UTC] PHP Warning:  shuffle() expects parameter 1 to be array, null given in /home/ubuntu/workspace/aharnes/homework2/index.php on line 39
[19-Sep-2017 05:50:46 UTC] PHP Stack trace:
[19-Sep-2017 05:50:46 UTC] PHP   1. {main}() /home/ubuntu/workspace/aharnes/homework2/index.php:0
[19-Sep-2017 05:50:46 UTC] PHP   2. completeCharacter() /home/ubuntu/workspace/aharnes/homework2/index.php:60
[19-Sep-2017 05:50:46 UTC] PHP   3. getName() /home/ubuntu/workspace/aharnes/homework2/index.php:15
[19-Sep-2017 05:50:46 UTC] PHP   4. shuffle() /home/ubuntu/workspace/aharnes/homework2/index.php:39
[19-Sep-2017 05:50:46 UTC] PHP Warning:  current() expects parameter 1 to be array, null given in /home/ubuntu/workspace/aharnes/homework2/index.php on line 40
[19-Sep-2017 05:50:46 UTC] PHP Stack trace:
[19-Sep-2017 05:50:46 UTC] PHP   1. {main}() /home/ubuntu/workspace/aharnes/homework2/index.php:0
[19-Sep-2017 05:50:46 UTC] PHP   2. completeCharacter() /home/ubuntu/workspace/aharnes/homework2/index.php:60
[19-Sep-2017 05:50:46 UTC] PHP   3. getName() /home/ubuntu/workspace/aharnes/homework2/index.php:15
[19-Sep-2017 05:50:46 UTC] PHP   4. current() /home/ubuntu/workspace/aharnes/homework2/index.php:40
[19-Sep-2017 05:50:46 UTC] PHP Warning:  end() expects parameter 1 to be array, null given in /home/ubuntu/workspace/aharnes/homework2/index.php on line 46
[19-Sep-2017 05:50:46 UTC] PHP Stack trace:
[19-Sep-2017 05:50:46 UTC] PHP   1. {main}() /home/ubuntu/workspace/aharnes/homework2/index.php:0
[19-Sep-2017 05:50:46 UTC] PHP   2. completeCharacter() /home/ubuntu/workspace/aharnes/homework2/index.php:60
[19-Sep-2017 05:50:46 UTC] PHP   3. getName() /home/ubuntu/workspace/aharnes/homework2/index.php:15
[19-Sep-2017 05:50:46 UTC] PHP   4. end() /home/ubuntu/workspace/aharnes/homework2/index.php:46
[19-Sep-2017 05:50:47 UTC] PHP Warning:  shuffle() expects parameter 1 to be array, null given in /home/ubuntu/workspace/aharnes/homework2/index.php on line 33
[19-Sep-2017 05:50:47 UTC] PHP Stack trace:
[19-Sep-2017 05:50:47 UTC] PHP   1. {main}() /home/ubuntu/workspace/aharnes/homework2/index.php:0
[19-Sep-2017 05:50:47 UTC] PHP   2. completeCharacter() /home/ubuntu/workspace/aharnes/homework2/index.php:60
[19-Sep-2017 05:50:47 UTC] PHP   3. getName() /home/ubuntu/workspace/aharnes/homework2/index.php:15
[19-Sep-2017 05:50:47 UTC] PHP   4. shuffle() /home/ubuntu/workspace/aharnes/homework2/index.php:33
[19-Sep-2017 05:50:47 UTC] PHP Warning:  shuffle() expects parameter 1 to be array, null given in /home/ubuntu/workspace/aharnes/homework2/index.php on line 39
[19-Sep-2017 05:50:47 UTC] PHP Stack trace:
[19-Sep-2017 05:50:47 UTC] PHP   1. {main}() /home/ubuntu/workspace/aharnes/homework2/index.php:0
[19-Sep-2017 05:50:47 UTC] PHP   2. completeCharacter() /home/ubuntu/workspace/aharnes/homework2/index.php:60
[19-Sep-2017 05:50:47 UTC] PHP   3. getName() /home/ubuntu/workspace/aharnes/homework2/index.php:15
[19-Sep-2017 05:50:47 UTC] PHP   4. shuffle() /home/ubuntu/workspace/aharnes/homework2/index.php:39
[19-Sep-2017 05:50:47 UTC] PHP Warning:  current() expects parameter 1 to be array, null given in /home/ubuntu/workspace/aharnes/homework2/index.php on line 40
[19-Sep-2017 05:50:47 UTC] PHP Stack trace:
[19-Sep-2017 05:50:47 UTC] PHP   1. {main}() /home/ubuntu/workspace/aharnes/homework2/index.php:0
[19-Sep-2017 05:50:47 UTC] PHP   2. completeCharacter() /home/ubuntu/workspace/aharnes/homework2/index.php:60
[19-Sep-2017 05:50:47 UTC] PHP   3. getName() /home/ubuntu/workspace/aharnes/homework2/index.php:15
[19-Sep-2017 05:50:47 UTC] PHP   4. current() /home/ubuntu/workspace/aharnes/homework2/index.php:40
[19-Sep-2017 05:50:47 UTC] PHP Warning:  end() expects parameter 1 to be array, null given in /home/ubuntu/workspace/aharnes/homework2/index.php on line 46
[19-Sep-2017 05:50:47 UTC] PHP Stack trace:
[19-Sep-2017 05:50:47 UTC] PHP   1. {main}() /home/ubuntu/workspace/aharnes/homework2/index.php:0
[19-Sep-2017 05:50:47 UTC] PHP   2. completeCharacter() /home/ubuntu/workspace/aharnes/homework2/index.php:60
[19-Sep-2017 05:50:47 UTC] PHP   3. getName() /home/ubuntu/workspace/aharnes/homework2/index.php:15
[19-Sep-2017 05:50:47 UTC] PHP   4. end() /home/ubuntu/workspace/aharnes/homework2/index.php:46
[19-Sep-2017 05:50:47 UTC] PHP Warning:  shuffle() expects parameter 1 to be array, null given in /home/ubuntu/workspace/aharnes/homework2/index.php on line 33
[19-Sep-2017 05:50:47 UTC] PHP Stack trace:
[19-Sep-2017 05:50:47 UTC] PHP   1. {main}() /home/ubuntu/workspace/aharnes/homework2/index.php:0
[19-Sep-2017 05:50:47 UTC] PHP   2. completeCharacter() /home/ubuntu/workspace/aharnes/homework2/index.php:60
[19-Sep-2017 05:50:47 UTC] PHP   3. getName() /home/ubuntu/workspace/aharnes/homework2/index.php:15
[19-Sep-2017 05:50:47 UTC] PHP   4. shuffle() /home/ubuntu/workspace/aharnes/homework2/index.php:33
[19-Sep-2017 05:50:47 UTC] PHP Warning:  shuffle() expects parameter 1 to be array, null given in /home/ubuntu/workspace/aharnes/homework2/index.php on line 39
[19-Sep-2017 05:50:47 UTC] PHP Stack trace:
[19-Sep-2017 05:50:47 UTC] PHP   1. {main}() /home/ubuntu/workspace/aharnes/homework2/index.php:0
[19-Sep-2017 05:50:47 UTC] PHP   2. completeCharacter() /home/ubuntu/workspace/aharnes/homework2/index.php:60
[19-Sep-2017 05:50:47 UTC] PHP   3. getName() /home/ubuntu/workspace/aharnes/homework2/index.php:15
[19-Sep-2017 05:50:47 UTC] PHP   4. shuffle() /home/ubuntu/workspace/aharnes/homework2/index.php:39
[19-Sep-2017 05:50:47 UTC] PHP Warning:  current() expects parameter 1 to be array, null given in /home/ubuntu/workspace/aharnes/homework2/index.php on line 40
[19-Sep-2017 05:50:47 UTC] PHP Stack trace:
[19-Sep-2017 05:50:47 UTC] PHP   1. {main}() /home/ubuntu/workspace/aharnes/homework2/index.php:0
[19-Sep-2017 05:50:47 UTC] PHP   2. completeCharacter() /home/ubuntu/workspace/aharnes/homework2/index.php:60
[19-Sep-2017 05:50:47 UTC] PHP   3. getName() /home/ubuntu/workspace/aharnes/homework2/index.php:15
[19-Sep-2017 05:50:47 UTC] PHP   4. current() /home/ubuntu/workspace/aharnes/homework2/index.php:40
[19-Sep-2017 05:50:47 UTC] PHP Warning:  end() expects parameter 1 to be array, null given in /home/ubuntu/workspace/aharnes/homework2/index.php on line 46
[19-Sep-2017 05:50:47 UTC] PHP Stack trace:
[19-Sep-2017 05:50:47 UTC] PHP   1. {main}() /home/ubuntu/workspace/aharnes/homework2/index.php:0
[19-Sep-2017 05:50:47 UTC] PHP   2. completeCharacter() /home/ubuntu/workspace/aharnes/homework2/index.php:60
[19-Sep-2017 05:50:47 UTC] PHP   3. getName() /home/ubuntu/workspace/aharnes/homework2/index.php:15
[19-Sep-2017 05:50:47 UTC] PHP   4. end() /home/ubuntu/workspace/aharnes/homework2/index.php:46
[19-Sep-2017 05:50:47 UTC] PHP Warning:  shuffle() expects parameter 1 to be array, null given in /home/ubuntu/workspace/aharnes/homework2/index.php on line 33
[19-Sep-2017 05:50:47 UTC] PHP Stack trace:
[19-Sep-2017 05:50:47 UTC] PHP   1. {main}() /home/ubuntu/workspace/aharnes/homework2/index.php:0
[19-Sep-2017 05:50:47 UTC] PHP   2. completeCharacter() /home/ubuntu/workspace/aharnes/homework2/index.php:60
[19-Sep-2017 05:50:47 UTC] PHP   3. getName() /home/ubuntu/workspace/aharnes/homework2/index.php:15
[19-Sep-2017 05:50:47 UTC] PHP   4. shuffle() /home/ubuntu/workspace/aharnes/homework2/index.php:33
[19-Sep-2017 05:50:47 UTC] PHP Warning:  shuffle() expects parameter 1 to be array, null given in /home/ubuntu/workspace/aharnes/homework2/index.php on line 39
[19-Sep-2017 05:50:47 UTC] PHP Stack trace:
[19-Sep-2017 05:50:47 UTC] PHP   1. {main}() /home/ubuntu/workspace/aharnes/homework2/index.php:0
[19-Sep-2017 05:50:47 UTC] PHP   2. completeCharacter() /home/ubuntu/workspace/aharnes/homework2/index.php:60
[19-Sep-2017 05:50:47 UTC] PHP   3. getName() /home/ubuntu/workspace/aharnes/homework2/index.php:15
[19-Sep-2017 05:50:47 UTC] PHP   4. shuffle() /home/ubuntu/workspace/aharnes/homework2/index.php:39
[19-Sep-2017 05:50:47 UTC] PHP Warning:  current() expects parameter 1 to be array, null given in /home/ubuntu/workspace/aharnes/homework2/index.php on line 40
[19-Sep-2017 05:50:47 UTC] PHP Stack trace:
[19-Sep-2017 05:50:47 UTC] PHP   1. {main}() /home/ubuntu/workspace/aharnes/homework2/index.php:0
[19-Sep-2017 05:50:47 UTC] PHP   2. completeCharacter() /home/ubuntu/workspace/aharnes/homework2/index.php:60
[19-Sep-2017 05:50:47 UTC] PHP   3. getName() /home/ubuntu/workspace/aharnes/homework2/index.php:15
[19-Sep-2017 05:50:47 UTC] PHP   4. current() /home/ubuntu/workspace/aharnes/homework2/index.php:40
[19-Sep-2017 05:50:47 UTC] PHP Warning:  end() expects parameter 1 to be array, null given in /home/ubuntu/workspace/aharnes/homework2/index.php on line 46
[19-Sep-2017 05:50:47 UTC] PHP Stack trace:
[19-Sep-2017 05:50:47 UTC] PHP   1. {main}() /home/ubuntu/workspace/aharnes/homework2/index.php:0
[19-Sep-2017 05:50:47 UTC] PHP   2. completeCharacter() /home/ubuntu/workspace/aharnes/homework2/index.php:60
[19-Sep-2017 05:50:47 UTC] PHP   3. getName() /home/ubuntu/workspace/aharnes/homework2/index.php:15
[19-Sep-2017 05:50:47 UTC] PHP   4. end() /home/ubuntu/workspace/aharnes/homework2/index.php:46
[19-Sep-2017 05:50:47 UTC] PHP Warning:  shuffle() expects parameter 1 to be array, null given in /home/ubuntu/workspace/aharnes/homework2/index.php on line 33
[19-Sep-2017 05:50:47 UTC] PHP Stack trace:
[19-Sep-2017 05:50:47 UTC] PHP   1. {main}() /home/ubuntu/workspace/aharnes/homework2/index.php:0
[19-Sep-2017 05:50:47 UTC] PHP   2. completeCharacter() /home/ubuntu/workspace/aharnes/homework2/index.php:60
[19-Sep-2017 05:50:47 UTC] PHP   3. getName() /home/ubuntu/workspace/aharnes/homework2/index.php:15
[19-Sep-2017 05:50:47 UTC] PHP   4. shuffle() /home/ubuntu/workspace/aharnes/homework2/index.php:33
[19-Sep-2017 05:50:47 UTC] PHP Warning:  shuffle() expects parameter 1 to be array, null given in /home/ubuntu/workspace/aharnes/homework2/index.php on line 39
[19-Sep-2017 05:50:47 UTC] PHP Stack trace:
[19-Sep-2017 05:50:47 UTC] PHP   1. {main}() /home/ubuntu/workspace/aharnes/homework2/index.php:0
[19-Sep-2017 05:50:47 UTC] PHP   2. completeCharacter() /home/ubuntu/workspace/aharnes/homework2/index.php:60
[19-Sep-2017 05:50:47 UTC] PHP   3. getName() /home/ubuntu/workspace/aharnes/homework2/index.php:15
[19-Sep-2017 05:50:47 UTC] PHP   4. shuffle() /home/ubuntu/workspace/aharnes/homework2/index.php:39
[19-Sep-2017 05:50:47 UTC] PHP Warning:  current() expects parameter 1 to be array, null given in /home/ubuntu/workspace/aharnes/homework2/index.php on line 40
[19-Sep-2017 05:50:47 UTC] PHP Stack trace:
[19-Sep-2017 05:50:47 UTC] PHP   1. {main}() /home/ubuntu/workspace/aharnes/homework2/index.php:0
[19-Sep-2017 05:50:47 UTC] PHP   2. completeCharacter() /home/ubuntu/workspace/aharnes/homework2/index.php:60
[19-Sep-2017 05:50:47 UTC] PHP   3. getName() /home/ubuntu/workspace/aharnes/homework2/index.php:15
[19-Sep-2017 05:50:47 UTC] PHP   4. current() /home/ubuntu/workspace/aharnes/homework2/index.php:40
[19-Sep-2017 05:50:47 UTC] PHP Warning:  end() expects parameter 1 to be array, null given in /home/ubuntu/workspace/aharnes/homework2/index.php on line 46
[19-Sep-2017 05:50:47 UTC] PHP Stack trace:
[19-Sep-2017 05:50:47 UTC] PHP   1. {main}() /home/ubuntu/workspace/aharnes/homework2/index.php:0
[19-Sep-2017 05:50:47 UTC] PHP   2. completeCharacter() /home/ubuntu/workspace/aharnes/homework2/index.php:60
[19-Sep-2017 05:50:47 UTC] PHP   3. getName() /home/ubuntu/workspace/aharnes/homework2/index.php:15
[19-Sep-2017 05:50:47 UTC] PHP   4. end() /home/ubuntu/workspace/aharnes/homework2/index.php:46
[19-Sep-2017 05:52:11 UTC] PHP Warning:  shuffle() expects parameter 1 to be array, null given in /home/ubuntu/workspace/aharnes/homework2/index.php on line 33
[19-Sep-2017 05:52:11 UTC] PHP Stack trace:
[19-Sep-2017 05:52:11 UTC] PHP   1. {main}() /home/ubuntu/workspace/aharnes/homework2/index.php:0
[19-Sep-2017 05:52:11 UTC] PHP   2. completeCharacter() /home/ubuntu/workspace/aharnes/homework2/index.php:60
[19-Sep-2017 05:52:11 UTC] PHP   3. getName() /home/ubuntu/workspace/aharnes/homework2/index.php:15
[19-Sep-2017 05:52:11 UTC] PHP   4. shuffle() /home/ubuntu/workspace/aharnes/homework2/index.php:33
[19-Sep-2017 05:52:11 UTC] PHP Warning:  shuffle() expects parameter 1 to be array, null given in /home/ubuntu/workspace/aharnes/homework2/index.php on line 39
[19-Sep-2017 05:52:11 UTC] PHP Stack trace:
[19-Sep-2017 05:52:11 UTC] PHP   1. {main}() /home/ubuntu/workspace/aharnes/homework2/index.php:0
[19-Sep-2017 05:52:11 UTC] PHP   2. completeCharacter() /home/ubuntu/workspace/aharnes/homework2/index.php:60
[19-Sep-2017 05:52:11 UTC] PHP   3. getName() /home/ubuntu/workspace/aharnes/homework2/index.php:15
[19-Sep-2017 05:52:11 UTC] PHP   4. shuffle() /home/ubuntu/workspace/aharnes/homework2/index.php:39
[19-Sep-2017 05:52:11 UTC] PHP Warning:  current() expects parameter 1 to be array, null given in /home/ubuntu/workspace/aharnes/homework2/index.php on line 40
[19-Sep-2017 05:52:11 UTC] PHP Stack trace:
[19-Sep-2017 05:52:11 UTC] PHP   1. {main}() /home/ubuntu/workspace/aharnes/homework2/index.php:0
[19-Sep-2017 05:52:11 UTC] PHP   2. completeCharacter() /home/ubuntu/workspace/aharnes/homework2/index.php:60
[19-Sep-2017 05:52:11 UTC] PHP   3. getName() /home/ubuntu/workspace/aharnes/homework2/index.php:15
[19-Sep-2017 05:52:11 UTC] PHP   4. current() /home/ubuntu/workspace/aharnes/homework2/index.php:40
[19-Sep-2017 05:52:11 UTC] PHP Warning:  end() expects parameter 1 to be array, null given in /home/ubuntu/workspace/aharnes/homework2/index.php on line 46
[19-Sep-2017 05:52:11 UTC] PHP Stack trace:
[19-Sep-2017 05:52:11 UTC] PHP   1. {main}() /home/ubuntu/workspace/aharnes/homework2/index.php:0
[19-Sep-2017 05:52:11 UTC] PHP   2. completeCharacter() /home/ubuntu/workspace/aharnes/homework2/index.php:60
[19-Sep-2017 05:52:11 UTC] PHP   3. getName() /home/ubuntu/workspace/aharnes/homework2/index.php:15
[19-Sep-2017 05:52:11 UTC] PHP   4. end() /home/ubuntu/workspace/aharnes/homework2/index.php:46
[19-Sep-2017 08:17:36 UTC] PHP Parse error:  syntax error, unexpected 'for' (T_FOR), expecting ',' or ';' in /home/ubuntu/workspace/aharnes/homework2/index.php on line 105
